#
# A fatal error has been detected by the Java Runtime Environment:
#
#  SIGBUS (0xa) at pc=0x000000010eb723d8, pid=5564, tid=5123
#
# JRE version: OpenJDK Runtime Environment Zulu16.32+15-CA (16.0.2+7) (build 16.0.2+7)
# Java VM: OpenJDK 64-Bit Server VM Zulu16.32+15-CA (16.0.2+7, mixed mode, tiered, compressed oops, compressed class ptrs, g1 gc, bsd-aarch64)
# Problematic frame:
# j  universalMethodLambda.myLambda.main([Ljava/lang/String;)V+155
#
# No core dump will be written. Core dumps have been disabled. To enable core dumping, try "ulimit -c unlimited" before starting Java again
#
# If you would like to submit a bug report, please visit:
#   http://www.azul.com/support/
#

---------------  S U M M A R Y ------------

Command Line: -agentlib:jdwp=transport=dt_socket,address=127.0.0.1:50874,suspend=y,server=n -Dfile.encoding=UTF-8 universalMethodLambda.myLambda

Host: MacBookAir10,1 arm64 1 MHz, 8 cores, 8G, Darwin 22.1.0, macOS 13.0.1 (22A400)
Time: Thu Dec  8 22:01:24 2022 EST elapsed time: 1668.076192 seconds (0d 0h 27m 48s)

---------------  T H R E A D  ---------------

Current thread (0x0000000151008800):  JavaThread "main" [_thread_in_Java, id=5123, stack(0x000000016ba90000,0x000000016bc93000)]

Stack: [0x000000016ba90000,0x000000016bc93000],  sp=0x000000016bc92af0,  free space=2058k
Native frames: (J=compiled Java code, A=aot compiled Java code, j=interpreted, Vv=VM code, C=native code)
j  universalMethodLambda.myLambda.main([Ljava/lang/String;)V+155
v  ~StubRoutines::call_stub
V  [libjvm.dylib+0x43f7f8]  JavaCalls::call_helper(JavaValue*, methodHandle const&, JavaCallArguments*, Thread*)+0x30c
V  [libjvm.dylib+0x4a12dc]  jni_invoke_static(JNIEnv_*, JavaValue*, _jobject*, JNICallType, _jmethodID*, JNI_ArgumentPusher*, Thread*)+0x120
V  [libjvm.dylib+0x4a46f0]  jni_CallStaticVoidMethod+0x120
C  [libjli.dylib+0x5430]  JavaMain+0x9d4
C  [libjli.dylib+0x778c]  ThreadJavaMain+0xc
C  [libsystem_pthread.dylib+0x706c]  _pthread_start+0x94


siginfo: si_signo: 10 (SIGBUS), si_code: 1 (BUS_ADRALN), si_addr: 0x0000000124057478

Register to memory mapping:

 x0=0x0 is NULL
 x1=
[error occurred during error reporting (printing register info), id 0xa, SIGBUS (0xa) at pc=0x0000000105b29258]

Registers:
 x0=0x0000000000000000  x1=0x0000000124057440  x2=0x0000000000002b09  x3=0x0000000000000000
 x4=0x00000000000020a0  x5=0x0000000000000020  x6=0x0000000000000000  x7=0x0000000000000000
 x8=0x000000016bc93000  x9=0x000000016bc92af0 x10=0x0000000000000001 x11=0x0000000000000002
x12=0x00000001240007d0 x13=0x0000000124000f28 x14=0x0000000100000000 x15=0x0000600002822ee0
x16=0x00000001b4d16d54 x17=0x0000600002458060 x18=0x0000000000000000 x19=0x000000016bc92aa0
x20=0x000000016bc92b20 x21=0x0000000105fa9198 x22=0x000000012400079b x23=0x000000010eb76880
x24=0x000000016bc92b98 x25=0x0000000000000001 x26=0x0000000124001320 x27=0x0000000000000000
x28=0x0000000151008800  fp=0x000000016bc92b80  lr=0x000000010eb723bc  sp=0x000000016bc92af0
pc=0x000000010eb723d8 cpsr=0x0000000080001000
Top of Stack: (sp=0x000000016bc92af0)
0x000000016bc92af0:   000000016bc92b80 000000010eb723bc
0x000000016bc92b00:   0000000000000000 0000000000000001
0x000000016bc92b10:   0000000000000090 0000000000000079
0x000000016bc92b20:   0000000000000000 0000000747f143c8
0x000000016bc92b30:   000000016bc92b30 000000012400079b
0x000000016bc92b40:   000000016bc92b98 0000000124001320
0x000000016bc92b50:   0000000747e0f288 0000000000000000
0x000000016bc92b60:   0000000000000000 00000001240007d0
0x000000016bc92b70:   0000000000000000 000000016bc92b90
0x000000016bc92b80:   000000016bc92c70 000000010eb6c140
0x000000016bc92b90:   0000000747e11090 0000000747e10df8
0x000000016bc92ba0:   0000000000000000 0000000000000000
0x000000016bc92bb0:   0000000000000000 0000000000000000
0x000000016bc92bc0:   0000000000000000 0000000000000000
0x000000016bc92bd0:   0000000000000000 0000000000000000
0x000000016bc92be0:   0000000000000001 000000000000000f
0x000000016bc92bf0:   000000016bc92d88 0000000000000001
0x000000016bc92c00:   000000000000000a 000000010eb76880
0x000000016bc92c10:   000000016bc92d80 000000016bc92d70
0x000000016bc92c20:   000000016bc92ea0 0000000151008800
0x000000016bc92c30:   000000016bc92cc0 000000016bc92ea8
0x000000016bc92c40:   000000000000000a 00000001240007d0
0x000000016bc92c50:   000000010eb76880 000000016bc92d88
0x000000016bc92c60:   0000000100000001 0000000151008800
0x000000016bc92c70:   000000016bc92d50 000000010583b7f8
0x000000016bc92c80:   000000016bc92ea8 0000000151008800
0x000000016bc92c90:   0000600003f59b00 0000600001558000
0x000000016bc92ca0:   0000600001558010 00006000015580e8
0x000000016bc92cb0:   00000000000000d8 0000600003f59bc0
0x000000016bc92cc0:   0000000151008800 00000001518050f0
0x000000016bc92cd0:   00000001240007d0 0000000000000000
0x000000016bc92ce0:   0000000000000000 0000000000000000 

Instructions: (pc=0x000000010eb723d8)
0x000000010eb722d8:   540001e0 370801c2 f85f8028 b4000168
0x000000010eb722e8:   f100051f 54000120 f85f8028 ca080042
0x000000010eb722f8:   f27ef45f 540000c0 f85f8028 b27f0108
0x000000010eb72308:   f81f8028 14000002 f81f8022 784012c2
0x000000010eb72318:   8b021741 f9401c21 92401c21 8b010e94
0x000000010eb72328:   f9400588 79406108 91001108 f85b03a9
0x000000010eb72338:   cb284d28 927ced1f b9441f88 36000128
0x000000010eb72348:   37080108 a9bf33e8 d28f7888 f2a0b048
0x000000010eb72358:   f2c00028 d63f0100 a8c133e8 d61f0000
0x000000010eb72368:   f9425788 b40001c8 b9408d08 7100051f
0x000000010eb72378:   54000161 f9425788 b9409108 aa0803e0
0x000000010eb72388:   a9bf33e8 d2901088 f2a0b048 f2c00028
0x000000010eb72398:   d63f0100 a8c133e8 d61f0000 f0fba1b5
0x000000010eb723a8:   910662b5 38403ec8 11200109 f8695aa9
0x000000010eb723b8:   d61f0120 f85f03b4 f81f03bf a97be3b6
0x000000010eb723c8:   f85c83ba f85e83ac 784012c2 8b021741
0x000000010eb723d8:   f9401c21 92401c21 8b010e94 f9400588
0x000000010eb723e8:   79406108 91001108 f85b03a9 cb284d28
0x000000010eb723f8:   927ced1f b9441f88 36000128 37080108
0x000000010eb72408:   a9bf33e8 d28f7888 f2a0b048 f2c00028
0x000000010eb72418:   d63f0100 a8c133e8 d61f0000 f9425788
0x000000010eb72428:   b40001c8 b9408d08 7100051f 54000161
0x000000010eb72438:   f9425788 b9409108 aa0803e0 a9bf33e8
0x000000010eb72448:   d2901088 f2a0b048 f2c00028 d63f0100
0x000000010eb72458:   a8c133e8 d61f0000 f0fba1b5 910662b5
0x000000010eb72468:   38403ec8 11100109 f8695aa9 d61f0120
0x000000010eb72478:   f85f03b4 f81f03bf a97be3b6 f85c83ba
0x000000010eb72488:   f85e83ac 784012c2 8b021741 f9401c21
0x000000010eb72498:   92401c21 8b010e94 f9400588 79406108
0x000000010eb724a8:   91001108 f85b03a9 cb284d28 927ced1f
0x000000010eb724b8:   b9441f88 36000128 37080108 a9bf33e8
0x000000010eb724c8:   d28f7888 f2a0b048 f2c00028 d63f0100 


Stack slot to memory mapping:
stack at sp + 0 slots: 0x000000016bc92b80 is pointing into the stack for thread: 0x0000000151008800
stack at sp + 1 slots: 0x000000010eb723bc is at code_begin+2876 in an Interpreter codelet
return entry points  [0x000000010eb71880, 0x000000010eb73180]  6400 bytes
stack at sp + 2 slots: 0x0 is NULL
stack at sp + 3 slots: 0x0000000000000001 is an unknown value
stack at sp + 4 slots: 0x0000000000000090 is an unknown value
stack at sp + 5 slots: 0x0000000000000079 is an unknown value
stack at sp + 6 slots: 0x0 is NULL
stack at sp + 7 slots: 0x0000000747f143c8 is an oop: java.io.PrintStream 
{0x0000000747f143c8} - klass: 'java/io/PrintStream'

return entry points  [0x000000010eb71880, 0x000000010eb73180]  6400 bytes
[MachCode]
  0x000000010eb71880: b403 5ff8 | bf03 1ff8 | b6e3 7ba9 | ba83 5cf8 | a133 7ea9 | 8104 00b4 | c802 4039 | 1fe9 02f1 
  0x000000010eb718a0: e000 0054 | 1fa5 03f1 | a000 0054 | a283 5ef8 | 4850 4079 | 1f5d 05f1 | 6103 0054 | e203 00aa 
  0x000000010eb718c0: a200 00b5 | 2880 5ff8 | 0801 40b2 | 2880 1ff8 | 1500 0014 | 4208 40b9 | 42f0 7dd3 | 2880 5ff8 
  0x000000010eb718e0: 4200 08ca | 5ff4 7ef2 | e001 0054 | c201 0837 | 2880 5ff8 | 6801 00b4 | 1f05 00f1 | 2001 0054 
  0x000000010eb71900: 2880 5ff8 | 4200 08ca | 5ff4 7ef2 | c000 0054 | 2880 5ff8 | 0801 7fb2 | 2880 1ff8 | 0200 0014 
  0x000000010eb71920: 2280 1ff8 | c212 4078 | 4117 028b | 211c 40f9 | 211c 4092 | 940e 018b | 8805 40f9 | 0861 4079 
  0x000000010eb71940: 0811 0091 | a903 5bf8 | 284d 28cb | 1fed 7c92 | 881f 44b9 | 2801 0036 | 0801 0837 | e833 bfa9 
  0x000000010eb71960: 8878 8fd2 | 48b0 a0f2 | 2800 c0f2 | 0001 3fd6 | e833 c1a8 | 0000 1fd6 | 8857 42f9 | c801 00b4 
  0x000000010eb71980: 088d 40b9 | 1f05 0071 | 6101 0054 | 8857 42f9 | 0891 40b9 | e003 08aa | e833 bfa9 | 8810 90d2 
  0x000000010eb719a0: 48b0 a0f2 | 2800 c0f2 | 0001 3fd6 | e833 c1a8 | 0000 1fd6 | d5a1 fb90 | b562 0691 | c81e 4038 
  0x000000010eb719c0: 0901 2011 | a95a 69f8 | 2001 1fd6 | b403 5ff8 | bf03 1ff8 | b6e3 7ba9 | ba83 5cf8 | ac83 5ef8 
  0x000000010eb719e0: c212 4078 | 4117 028b | 211c 40f9 | 211c 4092 | 940e 018b | 8805 40f9 | 0861 4079 | 0811 0091 
  0x000000010eb71a00: a903 5bf8 | 284d 28cb | 1fed 7c92 | 881f 44b9 | 2801 0036 | 0801 0837 | e833 bfa9 | 8878 8fd2 
  0x000000010eb71a20: 48b0 a0f2 | 2800 c0f2 | 0001 3fd6 | e833 c1a8 | 0000 1fd6 | 8857 42f9 | c801 00b4 | 088d 40b9 
  0x000000010eb71a40: 1f05 0071 | 6101 0054 | 8857 42f9 | 0891 40b9 | e003 08aa | e833 bfa9 | 8810 90d2 | 48b0 a0f2 
  0x000000010eb71a60: 2800 c0f2 | 0001 3fd6 | e833 c1a8 | 0000 1fd6 | d5a1 fb90 | b562 0691 | c81e 4038 | 0901 1011 
  0x000000010eb71a80: a95a 69f8 | 2001 1fd6 | b403 5ff8 | bf03 1ff8 | b6e3 7ba9 | ba83 5cf8 | ac83 5ef8 | c212 4078 
  0x000000010eb71aa0: 4117 028b | 211c 40f9 | 211c 4092 | 940e 018b | 8805 40f9 | 0861 4079 | 0811 0091 | a903 5bf8 
  0x000000010eb71ac0: 284d 28cb | 1fed 7c92 | 881f 44b9 | 2801 0036 | 0801 0837 | e833 bfa9 | 8878 8fd2 | 48b0 a0f2 
  0x000000010eb71ae0: 2800 c0f2 | 0001 3fd6 | e833 c1a8 | 0000 1fd6 | 8857 42f9 | c801 00b4 | 088d 40b9 | 1f05 0071 
  0x000000010eb71b00: 6101 0054 | 8857 42f9 | 0891 40b9 | e003 08aa | e833 bfa9 | 8810 90d2 | 48b0 a0f2 | 2800 c0f2 
  0x000000010eb71b20: 0001 3fd6 | e833 c1a8 | 0000 1fd6 | d5a1 fb90 | b562 0691 | c81e 4038 | 0901 1411 | a95a 69f8 
  0x000000010eb71b40: 2001 1fd6 | b403 5ff8 | bf03 1ff8 | b6e3 7ba9 | ba83 5cf8 | ac83 5ef8 | c212 4078 | 4117 028b 
  0x000000010eb71b60: 211c 40f9 | 211c 4092 | 940e 018b | 8805 40f9 | 0861 4079 | 0811 0091 | a903 5bf8 | 284d 28cb 
  0x000000010eb71b80: 1fed 7c92 | 881f 44b9 | 2801 0036 | 0801 0837 | e833 bfa9 | 8878 8fd2 | 48b0 a0f2 | 2800 c0f2 
  0x000000010eb71ba0: 0001 3fd6 | e833 c1a8 | 0000 1fd6 | 8857 42f9 | c801 00b4 | 088d 40b9 | 1f05 0071 | 6101 0054 
  0x000000010eb71bc0: 8857 42f9 | 0891 40b9 | e003 08aa | e833 bfa9 | 8810 90d2 | 48b0 a0f2 | 2800 c0f2 | 0001 3fd6 
  0x000000010eb71be0: e833 c1a8 | 0000 1fd6 | d5a1 fb90 | b562 0691 | c81e 4038 | 0901 1811 | a95a 69f8 | 2001 1fd6 
  0x000000010eb71c00: b403 5ff8 | bf03 1ff8 | b6e3 7ba9 | ba83 5cf8 | ac83 5ef8 | c212 4078 | 4117 028b | 211c 40f9 
  0x000000010eb71c20: 211c 4092 | 940e 018b | 8805 40f9 | 0861 4079 | 0811 0091 | a903 5bf8 | 284d 28cb | 1fed 7c92 
  0x000000010eb71c40: 881f 44b9 | 2801 0036 | 0801 0837 | e833 bfa9 | 8878 8fd2 | 48b0 a0f2 | 2800 c0f2 | 0001 3fd6 
  0x000000010eb71c60: e833 c1a8 | 0000 1fd6 | 8857 42f9 | c801 00b4 | 088d 40b9 | 1f05 0071 | 6101 0054 | 8857 42f9 
  0x000000010eb71c80: 0891 40b9 | e003 08aa | e833 bfa9 | 8810 90d2 | 48b0 a0f2 | 2800 c0f2 | 0001 3fd6 | e833 c1a8 
  0x000000010eb71ca0: 0000 1fd6 | d5a1 fb90 | b562 0691 | c81e 4038 | 0901 1c11 | a95a 69f8 | 2001 1fd6 | b403 5ff8 
  0x000000010eb71cc0: bf03 1ff8 | b6e3 7ba9 | ba83 5cf8 | ac83 5ef8 | c212 4078 | 4117 028b | 211c 40f9 | 211c 4092 
  0x000000010eb71ce0: 940e 018b | 8805 40f9 | 0861 4079 | 0811 0091 | a903 5bf8 | 284d 28cb | 1fed 7c92 | 881f 44b9 
  0x000000010eb71d00: 2801 0036 | 0801 0837 | e833 bfa9 | 8878 8fd2 | 48b0 a0f2 | 2800 c0f2 | 0001 3fd6 | e833 c1a8 
  0x000000010eb71d20: 0000 1fd6 | 8857 42f9 | c801 00b4 | 088d 40b9 | 1f05 0071 | 6101 0054 | 8857 42f9 | 0891 40b9 
  0x000000010eb71d40: e003 08aa | e833 bfa9 | 8810 90d2 | 48b0 a0f2 | 2800 c0f2 | 0001 3fd6 | e833 c1a8 | 0000 1fd6 
  0x000000010eb71d60: d5a1 fb90 | b562 0691 | c81e 4038 | 0901 2411 | a95a 69f8 | 2001 1fd6 | b403 5ff8 | bf03 1ff8 
  0x000000010eb71d80: b6e3 7ba9 | ba83 5cf8 | a133 7ea9 | 8104 00b4 | c802 4039 | 1fe9 02f1 | e000 0054 | 1fa5 03f1 
  0x000000010eb71da0: a000 0054 | a283 5ef8 | 4850 4079 | 1f5d 05f1 | 6103 0054 | e203 00aa | a200 00b5 | 2880 5ff8 
  0x000000010eb71dc0: 0801 40b2 | 2880 1ff8 | 1500 0014 | 4208 40b9 | 42f0 7dd3 | 2880 5ff8 | 4200 08ca | 5ff4 7ef2 
  0x000000010eb71de0: e001 0054 | c201 0837 | 2880 5ff8 | 6801 00b4 | 1f05 00f1 | 2001 0054 | 2880 5ff8 | 4200 08ca 
  0x000000010eb71e00: 5ff4 7ef2 | c000 0054 | 2880 5ff8 | 0801 7fb2 | 2880 1ff8 | 0200 0014 | 2280 1ff8 | c212 4078 
  0x000000010eb71e20: 4117 028b | 211c 40f9 | 211c 4092 | 940e 018b | 8805 40f9 | 0861 4079 | 0811 0091 | a903 5bf8 
  0x000000010eb71e40: 284d 28cb | 1fed 7c92 | 881f 44b9 | 2801 0036 | 0801 0837 | e833 bfa9 | 8878 8fd2 | 48b0 a0f2 
  0x000000010eb71e60: 2800 c0f2 | 0001 3fd6 | e833 c1a8 | 0000 1fd6 | 8857 42f9 | c801 00b4 | 088d 40b9 | 1f05 0071 
  0x000000010eb71e80: 6101 0054 | 8857 42f9 | 0891 40b9 | e003 08aa | e833 bfa9 | 8810 90d2 | 48b0 a0f2 | 2800 c0f2 
  0x000000010eb71ea0: 0001 3fd6 | e833 c1a8 | 0000 1fd6 | d5a1 fb90 | b562 0691 | c82e 4038 | 0901 2011 | a95a 69f8 
  0x000000010eb71ec0: 2001 1fd6 | b403 5ff8 | bf03 1ff8 | b6e3 7ba9 | ba83 5cf8 | ac83 5ef8 | c212 4078 | 4117 028b 
  0x000000010eb71ee0: 211c 40f9 | 211c 4092 | 940e 018b | 8805 40f9 | 0861 4079 | 0811 0091 | a903 5bf8 | 284d 28cb 
  0x000000010eb71f00: 1fed 7c92 | 881f 44b9 | 2801 0036 | 0801 0837 | e833 bfa9 | 8878 8fd2 | 48b0 a0f2 | 2800 c0f2 
  0x000000010eb71f20: 0001 3fd6 | e833 c1a8 | 0000 1fd6 | 8857 42f9 | c801 00b4 | 088d 40b9 | 1f05 0071 | 6101 0054 
  0x000000010eb71f40: 8857 42f9 | 0891 40b9 | e003 08aa | e833 bfa9 | 8810 90d2 | 48b0 a0f2 | 2800 c0f2 | 0001 3fd6 
  0x000000010eb71f60: e833 c1a8 | 0000 1fd6 | d5a1 fb90 | b562 0691 | c82e 4038 | 0901 1011 | a95a 69f8 | 2001 1fd6 
  0x000000010eb71f80: b403 5ff8 | bf03 1ff8 | b6e3 7ba9 | ba83 5cf8 | ac83 5ef8 | c212 4078 | 4117 028b | 211c 40f9 
  0x000000010eb71fa0: 211c 4092 | 940e 018b | 8805 40f9 | 0861 4079 | 0811 0091 | a903 5bf8 | 284d 28cb | 1fed 7c92 
  0x000000010eb71fc0: 881f 44b9 | 2801 0036 | 0801 0837 | e833 bfa9 | 8878 8fd2 | 48b0 a0f2 | 2800 c0f2 | 0001 3fd6 
  0x000000010eb71fe0: e833 c1a8 | 0000 1fd6 | 8857 42f9 | c801 00b4 | 088d 40b9 | 1f05 0071 | 6101 0054 | 8857 42f9 
  0x000000010eb72000: 0891 40b9 | e003 08aa | e833 bfa9 | 8810 90d2 | 48b0 a0f2 | 2800 c0f2 | 0001 3fd6 | e833 c1a8 
  0x000000010eb72020: 0000 1fd6 | b5a1 fbf0 | b562 0691 | c82e 4038 | 0901 1411 | a95a 69f8 | 2001 1fd6 | b403 5ff8 
  0x000000010eb72040: bf03 1ff8 | b6e3 7ba9 | ba83 5cf8 | ac83 5ef8 | c212 4078 | 4117 028b | 211c 40f9 | 211c 4092 
  0x000000010eb72060: 940e 018b | 8805 40f9 | 0861 4079 | 0811 0091 | a903 5bf8 | 284d 28cb | 1fed 7c92 | 881f 44b9 
  0x000000010eb72080: 2801 0036 | 0801 0837 | e833 bfa9 | 8878 8fd2 | 48b0 a0f2 | 2800 c0f2 | 0001 3fd6 | e833 c1a8 
  0x000000010eb720a0: 0000 1fd6 | 8857 42f9 | c801 00b4 | 088d 40b9 | 1f05 0071 | 6101 0054 | 8857 42f9 | 0891 40b9 
  0x000000010eb720c0: e003 08aa | e833 bfa9 | 8810 90d2 | 48b0 a0f2 | 2800 c0f2 | 0001 3fd6 | e833 c1a8 | 0000 1fd6 
  0x000000010eb720e0: b5a1 fbf0 | b562 0691 | c82e 4038 | 0901 1811 | a95a 69f8 | 2001 1fd6 | b403 5ff8 | bf03 1ff8 
  0x000000010eb72100: b6e3 7ba9 | ba83 5cf8 | ac83 5ef8 | c212 4078 | 4117 028b | 211c 40f9 | 211c 4092 | 940e 018b 
  0x000000010eb72120: 8805 40f9 | 0861 4079 | 0811 0091 | a903 5bf8 | 284d 28cb | 1fed 7c92 | 881f 44b9 | 2801 0036 
  0x000000010eb72140: 0801 0837 | e833 bfa9 | 8878 8fd2 | 48b0 a0f2 | 2800 c0f2 | 0001 3fd6 | e833 c1a8 | 0000 1fd6 
  0x000000010eb72160: 8857 42f9 | c801 00b4 | 088d 40b9 | 1f05 0071 | 6101 0054 | 8857 42f9 | 0891 40b9 | e003 08aa 
  0x000000010eb72180: e833 bfa9 | 8810 90d2 | 48b0 a0f2 | 2800 c0f2 | 0001 3fd6 | e833 c1a8 | 0000 1fd6 | b5a1 fbf0 
  0x000000010eb721a0: b562 0691 | c82e 4038 | 0901 1c11 | a95a 69f8 | 2001 1fd6 | b403 5ff8 | bf03 1ff8 | b6e3 7ba9 
  0x000000010eb721c0: ba83 5cf8 | ac83 5ef8 | c212 4078 | 4117 028b | 211c 40f9 | 211c 4092 | 940e 018b | 8805 40f9 
  0x000000010eb721e0: 0861 4079 | 0811 0091 | a903 5bf8 | 284d 28cb | 1fed 7c92 | 881f 44b9 | 2801 0036 | 0801 0837 
  0x000000010eb72200: e833 bfa9 | 8878 8fd2 | 48b0 a0f2 | 2800 c0f2 | 0001 3fd6 | e833 c1a8 | 0000 1fd6 | 8857 42f9 
  0x000000010eb72220: c801 00b4 | 088d 40b9 | 1f05 0071 | 6101 0054 | 8857 42f9 | 0891 40b9 | e003 08aa | e833 bfa9 
  0x000000010eb72240: 8810 90d2 | 48b0 a0f2 | 2800 c0f2 | 0001 3fd6 | e833 c1a8 | 0000 1fd6 | b5a1 fbf0 | b562 0691 
  0x000000010eb72260: c82e 4038 | 0901 2411 | a95a 69f8 | 2001 1fd6 | b403 5ff8 | bf03 1ff8 | b6e3 7ba9 | ba83 5cf8 
  0x000000010eb72280: a133 7ea9 | 8104 00b4 | c802 4039 | 1fe9 02f1 | e000 0054 | 1fa5 03f1 | a000 0054 | a283 5ef8 
  0x000000010eb722a0: 4850 4079 | 1f5d 05f1 | 6103 0054 | e203 00aa | a200 00b5 | 2880 5ff8 | 0801 40b2 | 2880 1ff8 
  0x000000010eb722c0: 1500 0014 | 4208 40b9 | 42f0 7dd3 | 2880 5ff8 | 4200 08ca | 5ff4 7ef2 | e001 0054 | c201 0837 
  0x000000010eb722e0: 2880 5ff8 | 6801 00b4 | 1f05 00f1 | 2001 0054 | 2880 5ff8 | 4200 08ca | 5ff4 7ef2 | c000 0054 
  0x000000010eb72300: 2880 5ff8 | 0801 7fb2 | 2880 1ff8 | 0200 0014 | 2280 1ff8 | c212 4078 | 4117 028b | 211c 40f9 
  0x000000010eb72320: 211c 4092 | 940e 018b | 8805 40f9 | 0861 4079 | 0811 0091 | a903 5bf8 | 284d 28cb | 1fed 7c92 
  0x000000010eb72340: 881f 44b9 | 2801 0036 | 0801 0837 | e833 bfa9 | 8878 8fd2 | 48b0 a0f2 | 2800 c0f2 | 0001 3fd6 
  0x000000010eb72360: e833 c1a8 | 0000 1fd6 | 8857 42f9 | c801 00b4 | 088d 40b9 | 1f05 0071 | 6101 0054 | 8857 42f9 
  0x000000010eb72380: 0891 40b9 | e003 08aa | e833 bfa9 | 8810 90d2 | 48b0 a0f2 | 2800 c0f2 | 0001 3fd6 | e833 c1a8 
  0x000000010eb723a0: 0000 1fd6 | b5a1 fbf0 | b562 0691 | c83e 4038 | 0901 2011 | a95a 69f8 | 2001 1fd6 | b403 5ff8 
  0x000000010eb723c0: bf03 1ff8 | b6e3 7ba9 | ba83 5cf8 | ac83 5ef8 | c212 4078 | 4117 028b | 211c 40f9 | 211c 4092 
  0x000000010eb723e0: 940e 018b | 8805 40f9 | 0861 4079 | 0811 0091 | a903 5bf8 | 284d 28cb | 1fed 7c92 | 881f 44b9 
  0x000000010eb72400: 2801 0036 | 0801 0837 | e833 bfa9 | 8878 8fd2 | 48b0 a0f2 | 2800 c0f2 | 0001 3fd6 | e833 c1a8 
  0x000000010eb72420: 0000 1fd6 | 8857 42f9 | c801 00b4 | 088d 40b9 | 1f05 0071 | 6101 0054 | 8857 42f9 | 0891 40b9 
  0x000000010eb72440: e003 08aa | e833 bfa9 | 8810 90d2 | 48b0 a0f2 | 2800 c0f2 | 0001 3fd6 | e833 c1a8 | 0000 1fd6 
  0x000000010eb72460: b5a1 fbf0 | b562 0691 | c83e 4038 | 0901 1011 | a95a 69f8 | 2001 1fd6 | b403 5ff8 | bf03 1ff8 
  0x000000010eb72480: b6e3 7ba9 | ba83 5cf8 | ac83 5ef8 | c212 4078 | 4117 028b | 211c 40f9 | 211c 4092 | 940e 018b 
  0x000000010eb724a0: 8805 40f9 | 0861 4079 | 0811 0091 | a903 5bf8 | 284d 28cb | 1fed 7c92 | 881f 44b9 | 2801 0036 
  0x000000010eb724c0: 0801 0837 | e833 bfa9 | 8878 8fd2 | 48b0 a0f2 | 2800 c0f2 | 0001 3fd6 | e833 c1a8 | 0000 1fd6 
  0x000000010eb724e0: 8857 42f9 | c801 00b4 | 088d 40b9 | 1f05 0071 | 6101 0054 | 8857 42f9 | 0891 40b9 | e003 08aa 
  0x000000010eb72500: e833 bfa9 | 8810 90d2 | 48b0 a0f2 | 2800 c0f2 | 0001 3fd6 | e833 c1a8 | 0000 1fd6 | b5a1 fbf0 
  0x000000010eb72520: b562 0691 | c83e 4038 | 0901 1411 | a95a 69f8 | 2001 1fd6 | b403 5ff8 | bf03 1ff8 | b6e3 7ba9 
  0x000000010eb72540: ba83 5cf8 | ac83 5ef8 | c212 4078 | 4117 028b | 211c 40f9 | 211c 4092 | 940e 018b | 8805 40f9 
  0x000000010eb72560: 0861 4079 | 0811 0091 | a903 5bf8 | 284d 28cb | 1fed 7c92 | 881f 44b9 | 2801 0036 | 0801 0837 
  0x000000010eb72580: e833 bfa9 | 8878 8fd2 | 48b0 a0f2 | 2800 c0f2 | 0001 3fd6 | e833 c1a8 | 0000 1fd6 | 8857 42f9 
  0x000000010eb725a0: c801 00b4 | 088d 40b9 | 1f05 0071 | 6101 0054 | 8857 42f9 | 0891 40b9 | e003 08aa | e833 bfa9 
  0x000000010eb725c0: 8810 90d2 | 48b0 a0f2 | 2800 c0f2 | 0001 3fd6 | e833 c1a8 | 0000 1fd6 | b5a1 fbf0 | b562 0691 
  0x000000010eb725e0: c83e 4038 | 0901 1811 | a95a 69f8 | 2001 1fd6 | b403 5ff8 | bf03 1ff8 | b6e3 7ba9 | ba83 5cf8 
  0x000000010eb72600: ac83 5ef8 | c212 4078 | 4117 028b | 211c 40f9 | 211c 4092 | 940e 018b | 8805 40f9 | 0861 4079 
  0x000000010eb72620: 0811 0091 | a903 5bf8 | 284d 28cb | 1fed 7c92 | 881f 44b9 | 2801 0036 | 0801 0837 | e833 bfa9 
  0x000000010eb72640: 8878 8fd2 | 48b0 a0f2 | 2800 c0f2 | 0001 3fd6 | e833 c1a8 | 0000 1fd6 | 8857 42f9 | c801 00b4 
  0x000000010eb72660: 088d 40b9 | 1f05 0071 | 6101 0054 | 8857 42f9 | 0891 40b9 | e003 08aa | e833 bfa9 | 8810 90d2 
  0x000000010eb72680: 48b0 a0f2 | 2800 c0f2 | 0001 3fd6 | e833 c1a8 | 0000 1fd6 | b5a1 fbf0 | b562 0691 | c83e 4038 
  0x000000010eb726a0: 0901 1c11 | a95a 69f8 | 2001 1fd6 | b403 5ff8 | bf03 1ff8 | b6e3 7ba9 | ba83 5cf8 | ac83 5ef8 
  0x000000010eb726c0: c212 4078 | 4117 028b | 211c 40f9 | 211c 4092 | 940e 018b | 8805 40f9 | 0861 4079 | 0811 0091 
  0x000000010eb726e0: a903 5bf8 | 284d 28cb | 1fed 7c92 | 881f 44b9 | 2801 0036 | 0801 0837 | e833 bfa9 | 8878 8fd2 
  0x000000010eb72700: 48b0 a0f2 | 2800 c0f2 | 0001 3fd6 | e833 c1a8 | 0000 1fd6 | 8857 42f9 | c801 00b4 | 088d 40b9 
  0x000000010eb72720: 1f05 0071 | 6101 0054 | 8857 42f9 | 0891 40b9 | e003 08aa | e833 bfa9 | 8810 90d2 | 48b0 a0f2 
  0x000000010eb72740: 2800 c0f2 | 0001 3fd6 | e833 c1a8 | 0000 1fd6 | b5a1 fbf0 | b562 0691 | c83e 4038 | 0901 2411 
  0x000000010eb72760: a95a 69f8 | 2001 1fd6 | b403 5ff8 | bf03 1ff8 | b6e3 7ba9 | ba83 5cf8 | a133 7ea9 | 8104 00b4 
  0x000000010eb72780: c802 4039 | 1fe9 02f1 | e000 0054 | 1fa5 03f1 | a000 0054 | a283 5ef8 | 4850 4079 | 1f5d 05f1 
  0x000000010eb727a0: 6103 0054 | e203 00aa | a200 00b5 | 2880 5ff8 | 0801 40b2 | 2880 1ff8 | 1500 0014 | 4208 40b9 
  0x000000010eb727c0: 42f0 7dd3 | 2880 5ff8 | 4200 08ca | 5ff4 7ef2 | e001 0054 | c201 0837 | 2880 5ff8 | 6801 00b4 
  0x000000010eb727e0: 1f05 00f1 | 2001 0054 | 2880 5ff8 | 4200 08ca | 5ff4 7ef2 | c000 0054 | 2880 5ff8 | 0801 7fb2 
  0x000000010eb72800: 2880 1ff8 | 0200 0014 | 2280 1ff8 | c212 4078 | 4117 028b | 211c 40f9 | 211c 4092 | 940e 018b 
  0x000000010eb72820: 8805 40f9 | 0861 4079 | 0811 0091 | a903 5bf8 | 284d 28cb | 1fed 7c92 | 881f 44b9 | 2801 0036 
  0x000000010eb72840: 0801 0837 | e833 bfa9 | 8878 8fd2 | 48b0 a0f2 | 2800 c0f2 | 0001 3fd6 | e833 c1a8 | 0000 1fd6 
  0x000000010eb72860: 8857 42f9 | c801 00b4 | 088d 40b9 | 1f05 0071 | 6101 0054 | 8857 42f9 | 0891 40b9 | e003 08aa 
  0x000000010eb72880: e833 bfa9 | 8810 90d2 | 48b0 a0f2 | 2800 c0f2 | 0001 3fd6 | e833 c1a8 | 0000 1fd6 | b5a1 fbf0 
  0x000000010eb728a0: b562 0691 | c84e 4038 | 0901 2011 | a95a 69f8 | 2001 1fd6 | b403 5ff8 | bf03 1ff8 | b6e3 7ba9 
  0x000000010eb728c0: ba83 5cf8 | ac83 5ef8 | c212 4078 | 4117 028b | 211c 40f9 | 211c 4092 | 940e 018b | 8805 40f9 
  0x000000010eb728e0: 0861 4079 | 0811 0091 | a903 5bf8 | 284d 28cb | 1fed 7c92 | 881f 44b9 | 2801 0036 | 0801 0837 
  0x000000010eb72900: e833 bfa9 | 8878 8fd2 | 48b0 a0f2 | 2800 c0f2 | 0001 3fd6 | e833 c1a8 | 0000 1fd6 | 8857 42f9 
  0x000000010eb72920: c801 00b4 | 088d 40b9 | 1f05 0071 | 6101 0054 | 8857 42f9 | 0891 40b9 | e003 08aa | e833 bfa9 
  0x000000010eb72940: 8810 90d2 | 48b0 a0f2 | 2800 c0f2 | 0001 3fd6 | e833 c1a8 | 0000 1fd6 | b5a1 fbf0 | b562 0691 
  0x000000010eb72960: c84e 4038 | 0901 1011 | a95a 69f8 | 2001 1fd6 | b403 5ff8 | bf03 1ff8 | b6e3 7ba9 | ba83 5cf8 
  0x000000010eb72980: ac83 5ef8 | c212 4078 | 4117 028b | 211c 40f9 | 211c 4092 | 940e 018b | 8805 40f9 | 0861 4079 
  0x000000010eb729a0: 0811 0091 | a903 5bf8 | 284d 28cb | 1fed 7c92 | 881f 44b9 | 2801 0036 | 0801 0837 | e833 bfa9 
  0x000000010eb729c0: 8878 8fd2 | 48b0 a0f2 | 2800 c0f2 | 0001 3fd6 | e833 c1a8 | 0000 1fd6 | 8857 42f9 | c801 00b4 
  0x000000010eb729e0: 088d 40b9 | 1f05 0071 | 6101 0054 | 8857 42f9 | 0891 40b9 | e003 08aa | e833 bfa9 | 8810 90d2 
  0x000000010eb72a00: 48b0 a0f2 | 2800 c0f2 | 0001 3fd6 | e833 c1a8 | 0000 1fd6 | b5a1 fbf0 | b562 0691 | c84e 4038 
  0x000000010eb72a20: 0901 1411 | a95a 69f8 | 2001 1fd6 | b403 5ff8 | bf03 1ff8 | b6e3 7ba9 | ba83 5cf8 | ac83 5ef8 
  0x000000010eb72a40: c212 4078 | 4117 028b | 211c 40f9 | 211c 4092 | 940e 018b | 8805 40f9 | 0861 4079 | 0811 0091 
  0x000000010eb72a60: a903 5bf8 | 284d 28cb | 1fed 7c92 | 881f 44b9 | 2801 0036 | 0801 0837 | e833 bfa9 | 8878 8fd2 
  0x000000010eb72a80: 48b0 a0f2 | 2800 c0f2 | 0001 3fd6 | e833 c1a8 | 0000 1fd6 | 8857 42f9 | c801 00b4 | 088d 40b9 
  0x000000010eb72aa0: 1f05 0071 | 6101 0054 | 8857 42f9 | 0891 40b9 | e003 08aa | e833 bfa9 | 8810 90d2 | 48b0 a0f2 
  0x000000010eb72ac0: 2800 c0f2 | 0001 3fd6 | e833 c1a8 | 0000 1fd6 | b5a1 fbf0 | b562 0691 | c84e 4038 | 0901 1811 
  0x000000010eb72ae0: a95a 69f8 | 2001 1fd6 | b403 5ff8 | bf03 1ff8 | b6e3 7ba9 | ba83 5cf8 | ac83 5ef8 | c212 4078 
  0x000000010eb72b00: 4117 028b | 211c 40f9 | 211c 4092 | 940e 018b | 8805 40f9 | 0861 4079 | 0811 0091 | a903 5bf8 
  0x000000010eb72b20: 284d 28cb | 1fed 7c92 | 881f 44b9 | 2801 0036 | 0801 0837 | e833 bfa9 | 8878 8fd2 | 48b0 a0f2 
  0x000000010eb72b40: 2800 c0f2 | 0001 3fd6 | e833 c1a8 | 0000 1fd6 | 8857 42f9 | c801 00b4 | 088d 40b9 | 1f05 0071 
  0x000000010eb72b60: 6101 0054 | 8857 42f9 | 0891 40b9 | e003 08aa | e833 bfa9 | 8810 90d2 | 48b0 a0f2 | 2800 c0f2 
  0x000000010eb72b80: 0001 3fd6 | e833 c1a8 | 0000 1fd6 | b5a1 fbf0 | b562 0691 | c84e 4038 | 0901 1c11 | a95a 69f8 
  0x000000010eb72ba0: 2001 1fd6 | b403 5ff8 | bf03 1ff8 | b6e3 7ba9 | ba83 5cf8 | ac83 5ef8 | c212 4078 | 4117 028b 
  0x000000010eb72bc0: 211c 40f9 | 211c 4092 | 940e 018b | 8805 40f9 | 0861 4079 | 0811 0091 | a903 5bf8 | 284d 28cb 
  0x000000010eb72be0: 1fed 7c92 | 881f 44b9 | 2801 0036 | 0801 0837 | e833 bfa9 | 8878 8fd2 | 48b0 a0f2 | 2800 c0f2 
  0x000000010eb72c00: 0001 3fd6 | e833 c1a8 | 0000 1fd6 | 8857 42f9 | c801 00b4 | 088d 40b9 | 1f05 0071 | 6101 0054 
  0x000000010eb72c20: 8857 42f9 | 0891 40b9 | e003 08aa | e833 bfa9 | 8810 90d2 | 48b0 a0f2 | 2800 c0f2 | 0001 3fd6 
  0x000000010eb72c40: e833 c1a8 | 0000 1fd6 | b5a1 fbf0 | b562 0691 | c84e 4038 | 0901 2411 | a95a 69f8 | 2001 1fd6 
  0x000000010eb72c60: b403 5ff8 | bf03 1ff8 | b6e3 7ba9 | ba83 5cf8 | a133 7ea9 | 8104 00b4 | c802 4039 | 1fe9 02f1 
  0x000000010eb72c80: e000 0054 | 1fa5 03f1 | a000 0054 | a283 5ef8 | 4850 4079 | 1f5d 05f1 | 6103 0054 | e203 00aa 
  0x000000010eb72ca0: a200 00b5 | 2880 5ff8 | 0801 40b2 | 2880 1ff8 | 1500 0014 | 4208 40b9 | 42f0 7dd3 | 2880 5ff8 
  0x000000010eb72cc0: 4200 08ca | 5ff4 7ef2 | e001 0054 | c201 0837 | 2880 5ff8 | 6801 00b4 | 1f05 00f1 | 2001 0054 
  0x000000010eb72ce0: 2880 5ff8 | 4200 08ca | 5ff4 7ef2 | c000 0054 | 2880 5ff8 | 0801 7fb2 | 2880 1ff8 | 0200 0014 
  0x000000010eb72d00: 2280 1ff8 | c212 4078 | 4117 028b | 211c 40f9 | 211c 4092 | 940e 018b | 8805 40f9 | 0861 4079 
  0x000000010eb72d20: 0811 0091 | a903 5bf8 | 284d 28cb | 1fed 7c92 | 881f 44b9 | 2801 0036 | 0801 0837 | e833 bfa9 
  0x000000010eb72d40: 8878 8fd2 | 48b0 a0f2 | 2800 c0f2 | 0001 3fd6 | e833 c1a8 | 0000 1fd6 | 8857 42f9 | c801 00b4 
  0x000000010eb72d60: 088d 40b9 | 1f05 0071 | 6101 0054 | 8857 42f9 | 0891 40b9 | e003 08aa | e833 bfa9 | 8810 90d2 
  0x000000010eb72d80: 48b0 a0f2 | 2800 c0f2 | 0001 3fd6 | e833 c1a8 | 0000 1fd6 | b5a1 fbf0 | b562 0691 | c85e 4038 
  0x000000010eb72da0: 0901 2011 | a95a 69f8 | 2001 1fd6 | b403 5ff8 | bf03 1ff8 | b6e3 7ba9 | ba83 5cf8 | ac83 5ef8 
  0x000000010eb72dc0: c212 4078 | 4117 028b | 211c 40f9 | 211c 4092 | 940e 018b | 8805 40f9 | 0861 4079 | 0811 0091 
  0x000000010eb72de0: a903 5bf8 | 284d 28cb | 1fed 7c92 | 881f 44b9 | 2801 0036 | 0801 0837 | e833 bfa9 | 8878 8fd2 
  0x000000010eb72e00: 48b0 a0f2 | 2800 c0f2 | 0001 3fd6 | e833 c1a8 | 0000 1fd6 | 8857 42f9 | c801 00b4 | 088d 40b9 
  0x000000010eb72e20: 1f05 0071 | 6101 0054 | 8857 42f9 | 0891 40b9 | e003 08aa | e833 bfa9 | 8810 90d2 | 48b0 a0f2 
  0x000000010eb72e40: 2800 c0f2 | 0001 3fd6 | e833 c1a8 | 0000 1fd6 | b5a1 fbf0 | b562 0691 | c85e 4038 | 0901 1011 
  0x000000010eb72e60: a95a 69f8 | 2001 1fd6 | b403 5ff8 | bf03 1ff8 | b6e3 7ba9 | ba83 5cf8 | ac83 5ef8 | c212 4078 
  0x000000010eb72e80: 4117 028b | 211c 40f9 | 211c 4092 | 940e 018b | 8805 40f9 | 0861 4079 | 0811 0091 | a903 5bf8 
  0x000000010eb72ea0: 284d 28cb | 1fed 7c92 | 881f 44b9 | 2801 0036 | 0801 0837 | e833 bfa9 | 8878 8fd2 | 48b0 a0f2 
  0x000000010eb72ec0: 2800 c0f2 | 0001 3fd6 | e833 c1a8 | 0000 1fd6 | 8857 42f9 | c801 00b4 | 088d 40b9 | 1f05 0071 
  0x000000010eb72ee0: 6101 0054 | 8857 42f9 | 0891 40b9 | e003 08aa | e833 bfa9 | 8810 90d2 | 48b0 a0f2 | 2800 c0f2 
  0x000000010eb72f00: 0001 3fd6 | e833 c1a8 | 0000 1fd6 | b5a1 fbf0 | b562 0691 | c85e 4038 | 0901 1411 | a95a 69f8 
  0x000000010eb72f20: 2001 1fd6 | b403 5ff8 | bf03 1ff8 | b6e3 7ba9 | ba83 5cf8 | ac83 5ef8 | c212 4078 | 4117 028b 
  0x000000010eb72f40: 211c 40f9 | 211c 4092 | 940e 018b | 8805 40f9 | 0861 4079 | 0811 0091 | a903 5bf8 | 284d 28cb 
  0x000000010eb72f60: 1fed 7c92 | 881f 44b9 | 2801 0036 | 0801 0837 | e833 bfa9 | 8878 8fd2 | 48b0 a0f2 | 2800 c0f2 
  0x000000010eb72f80: 0001 3fd6 | e833 c1a8 | 0000 1fd6 | 8857 42f9 | c801 00b4 | 088d 40b9 | 1f05 0071 | 6101 0054 
  0x000000010eb72fa0: 8857 42f9 | 0891 40b9 | e003 08aa | e833 bfa9 | 8810 90d2 | 48b0 a0f2 | 2800 c0f2 | 0001 3fd6 
  0x000000010eb72fc0: e833 c1a8 | 0000 1fd6 | b5a1 fbf0 | b562 0691 | c85e 4038 | 0901 1811 | a95a 69f8 | 2001 1fd6 
  0x000000010eb72fe0: b403 5ff8 | bf03 1ff8 | b6e3 7ba9 | ba83 5cf8 | ac83 5ef8 | c212 4078 | 4117 028b | 211c 40f9 
  0x000000010eb73000: 211c 4092 | 940e 018b | 8805 40f9 | 0861 4079 | 0811 0091 | a903 5bf8 | 284d 28cb | 1fed 7c92 
  0x000000010eb73020: 881f 44b9 | 2801 0036 | 0801 0837 | e833 bfa9 | 8878 8fd2 | 48b0 a0f2 | 2800 c0f2 | 0001 3fd6 
  0x000000010eb73040: e833 c1a8 | 0000 1fd6 | 8857 42f9 | c801 00b4 | 088d 40b9 | 1f05 0071 | 6101 0054 | 8857 42f9 
  0x000000010eb73060: 0891 40b9 | e003 08aa | e833 bfa9 | 8810 90d2 | 48b0 a0f2 | 2800 c0f2 | 0001 3fd6 | e833 c1a8 
  0x000000010eb73080: 0000 1fd6 | b5a1 fbd0 | b562 0691 | c85e 4038 | 0901 1c11 | a95a 69f8 | 2001 1fd6 | b403 5ff8 
  0x000000010eb730a0: bf03 1ff8 | b6e3 7ba9 | ba83 5cf8 | ac83 5ef8 | c212 4078 | 4117 028b | 211c 40f9 | 211c 4092 
  0x000000010eb730c0: 940e 018b | 8805 40f9 | 0861 4079 | 0811 0091 | a903 5bf8 | 284d 28cb | 1fed 7c92 | 881f 44b9 
  0x000000010eb730e0: 2801 0036 | 0801 0837 | e833 bfa9 | 8878 8fd2 | 48b0 a0f2 | 2800 c0f2 | 0001 3fd6 | e833 c1a8 
  0x000000010eb73100: 0000 1fd6 | 8857 42f9 | c801 00b4 | 088d 40b9 | 1f05 0071 | 6101 0054 | 8857 42f9 | 0891 40b9 
  0x000000010eb73120: e003 08aa | e833 bfa9 | 8810 90d2 | 48b0 a0f2 | 2800 c0f2 | 0001 3fd6 | e833 c1a8 | 0000 1fd6 
  0x000000010eb73140: b5a1 fbd0 | b562 0691 | c85e 4038 | 0901 2411 | a95a 69f8 | 2001 1fd6 | 0000 0000 | 0000 0000 
  0x000000010eb73160: 0000 0000 | 0000 0000 | 0000 0000 | 0000 0000 | 0000 0000 | 0000 0000 | 0000 0000 | 0000 0000 
[/MachCode]

---------------  P R O C E S S  ---------------

Threads class SMR info:
_java_thread_list=0x0000600002a6c1a0, length=12, elements={
0x0000000151008800, 0x0000000148008600, 0x000000014800ae00, 0x0000000150835000,
0x000000014800ba00, 0x0000000150835600, 0x0000000150842600, 0x0000000150809800,
0x0000000150839000, 0x0000000148009200, 0x000000012781e800, 0x000000015000e600
}

Java Threads: ( => current thread )
=>0x0000000151008800 JavaThread "main" [_thread_in_Java, id=5123, stack(0x000000016ba90000,0x000000016bc93000)]
  0x0000000148008600 JavaThread "Reference Handler" daemon [_thread_blocked, id=17923, stack(0x000000016c8e4000,0x000000016cae7000)]
  0x000000014800ae00 JavaThread "Finalizer" daemon [_thread_blocked, id=19715, stack(0x000000016caf0000,0x000000016ccf3000)]
  0x0000000150835000 JavaThread "Signal Dispatcher" daemon [_thread_blocked, id=32515, stack(0x000000016ce14000,0x000000016d017000)]
  0x000000014800ba00 JavaThread "Service Thread" daemon [_thread_blocked, id=23811, stack(0x000000016d020000,0x000000016d223000)]
  0x0000000150835600 JavaThread "Monitor Deflation Thread" daemon [_thread_blocked, id=32003, stack(0x000000016d22c000,0x000000016d42f000)]
  0x0000000150842600 JavaThread "C2 CompilerThread0" daemon [_thread_blocked, id=24067, stack(0x000000016d438000,0x000000016d63b000)]
  0x0000000150809800 JavaThread "C1 CompilerThread0" daemon [_thread_blocked, id=31491, stack(0x000000016d644000,0x000000016d847000)]
  0x0000000150839000 JavaThread "Sweeper thread" daemon [_thread_blocked, id=24579, stack(0x000000016d850000,0x000000016da53000)]
  0x0000000148009200 JavaThread "JDWP Event Helper Thread" daemon [_thread_blocked, id=25347, stack(0x000000016dc68000,0x000000016de6b000)]
  0x000000012781e800 JavaThread "Notification Thread" daemon [_thread_blocked, id=25859, stack(0x000000016e080000,0x000000016e283000)]
  0x000000015000e600 JavaThread "Common-Cleaner" daemon [_thread_blocked, id=29443, stack(0x000000016e498000,0x000000016e69b000)]

Other Threads:
  0x000000014fe05e10 VMThread "VM Thread" [stack: 0x000000016c6d8000,0x000000016c8db000] [id=19971]
  0x000000012fe0fe10 WatcherThread [stack: 0x000000016e28c000,0x000000016e48f000] [id=29955]
  0x0000000151806e00 GCTaskThread "GC Thread#0" [stack: 0x000000016bc9c000,0x000000016be9f000] [id=13827]
  0x000000012fe042b0 ConcurrentGCThread "G1 Main Marker" [stack: 0x000000016bea8000,0x000000016c0ab000] [id=12291]
  0x000000012fe04b90 ConcurrentGCThread "G1 Conc#0" [stack: 0x000000016c0b4000,0x000000016c2b7000] [id=13059]
  0x000000014ff077c0 ConcurrentGCThread "G1 Refine#0" [stack: 0x000000016c2c0000,0x000000016c4c3000] [id=21507]
  0x000000014ff080b0 ConcurrentGCThread "G1 Service" [stack: 0x000000016c4cc000,0x000000016c6cf000] [id=20995]

Threads with active compile tasks:

VM state: not at safepoint (normal execution)

VM Mutex/Monitor currently owned by a thread: None

Heap address: 0x0000000740000000, size: 2048 MB, Compressed Oops mode: Zero based, Oop shift amount: 3

Compressed class space mapped at: 0x0000000300000000-0x0000000340000000, reserved size: 1073741824
Narrow klass base: 0x0000000000000000, Narrow klass shift: 3, Narrow klass range: 0x340000000

GC Precious Log:
 CPUs: 8 total, 8 available
 Memory: 8192M
 Large Page Support: Disabled
 NUMA Support: Disabled
 Compressed Oops: Enabled (Zero based)
 Heap Region Size: 1M
 Heap Min Capacity: 8M
 Heap Initial Capacity: 128M
 Heap Max Capacity: 2G
 Pre-touch: Disabled
 Parallel Workers: 8
 Concurrent Workers: 2
 Concurrent Refinement Workers: 8
 Periodic GC: Disabled

Heap:
 garbage-first heap   total 131072K, used 2048K [0x0000000740000000, 0x00000007c0000000)
  region size 1024K, 3 young (3072K), 0 survivors (0K)
 Metaspace       used 5315K, committed 5568K, reserved 1056768K
  class space    used 447K, committed 576K, reserved 1048576K

Heap Regions: E=young(eden), S=young(survivor), O=old, HS=humongous(starts), HC=humongous(continues), CS=collection set, F=free, OA=open archive, CA=closed archive, TAMS=top-at-mark-start (previous, next)
|   0|0x0000000740000000, 0x0000000740000000, 0x0000000740100000|  0%| F|  |TAMS 0x0000000740000000, 0x0000000740000000| Untracked 
|   1|0x0000000740100000, 0x0000000740100000, 0x0000000740200000|  0%| F|  |TAMS 0x0000000740100000, 0x0000000740100000| Untracked 
|   2|0x0000000740200000, 0x0000000740200000, 0x0000000740300000|  0%| F|  |TAMS 0x0000000740200000, 0x0000000740200000| Untracked 
|   3|0x0000000740300000, 0x0000000740300000, 0x0000000740400000|  0%| F|  |TAMS 0x0000000740300000, 0x0000000740300000| Untracked 
|   4|0x0000000740400000, 0x0000000740400000, 0x0000000740500000|  0%| F|  |TAMS 0x0000000740400000, 0x0000000740400000| Untracked 
|   5|0x0000000740500000, 0x0000000740500000, 0x0000000740600000|  0%| F|  |TAMS 0x0000000740500000, 0x0000000740500000| Untracked 
|   6|0x0000000740600000, 0x0000000740600000, 0x0000000740700000|  0%| F|  |TAMS 0x0000000740600000, 0x0000000740600000| Untracked 
|   7|0x0000000740700000, 0x0000000740700000, 0x0000000740800000|  0%| F|  |TAMS 0x0000000740700000, 0x0000000740700000| Untracked 
|   8|0x0000000740800000, 0x0000000740800000, 0x0000000740900000|  0%| F|  |TAMS 0x0000000740800000, 0x0000000740800000| Untracked 
|   9|0x0000000740900000, 0x0000000740900000, 0x0000000740a00000|  0%| F|  |TAMS 0x0000000740900000, 0x0000000740900000| Untracked 
|  10|0x0000000740a00000, 0x0000000740a00000, 0x0000000740b00000|  0%| F|  |TAMS 0x0000000740a00000, 0x0000000740a00000| Untracked 
|  11|0x0000000740b00000, 0x0000000740b00000, 0x0000000740c00000|  0%| F|  |TAMS 0x0000000740b00000, 0x0000000740b00000| Untracked 
|  12|0x0000000740c00000, 0x0000000740c00000, 0x0000000740d00000|  0%| F|  |TAMS 0x0000000740c00000, 0x0000000740c00000| Untracked 
|  13|0x0000000740d00000, 0x0000000740d00000, 0x0000000740e00000|  0%| F|  |TAMS 0x0000000740d00000, 0x0000000740d00000| Untracked 
|  14|0x0000000740e00000, 0x0000000740e00000, 0x0000000740f00000|  0%| F|  |TAMS 0x0000000740e00000, 0x0000000740e00000| Untracked 
|  15|0x0000000740f00000, 0x0000000740f00000, 0x0000000741000000|  0%| F|  |TAMS 0x0000000740f00000, 0x0000000740f00000| Untracked 
|  16|0x0000000741000000, 0x0000000741000000, 0x0000000741100000|  0%| F|  |TAMS 0x0000000741000000, 0x0000000741000000| Untracked 
|  17|0x0000000741100000, 0x0000000741100000, 0x0000000741200000|  0%| F|  |TAMS 0x0000000741100000, 0x0000000741100000| Untracked 
|  18|0x0000000741200000, 0x0000000741200000, 0x0000000741300000|  0%| F|  |TAMS 0x0000000741200000, 0x0000000741200000| Untracked 
|  19|0x0000000741300000, 0x0000000741300000, 0x0000000741400000|  0%| F|  |TAMS 0x0000000741300000, 0x0000000741300000| Untracked 
|  20|0x0000000741400000, 0x0000000741400000, 0x0000000741500000|  0%| F|  |TAMS 0x0000000741400000, 0x0000000741400000| Untracked 
|  21|0x0000000741500000, 0x0000000741500000, 0x0000000741600000|  0%| F|  |TAMS 0x0000000741500000, 0x0000000741500000| Untracked 
|  22|0x0000000741600000, 0x0000000741600000, 0x0000000741700000|  0%| F|  |TAMS 0x0000000741600000, 0x0000000741600000| Untracked 
|  23|0x0000000741700000, 0x0000000741700000, 0x0000000741800000|  0%| F|  |TAMS 0x0000000741700000, 0x0000000741700000| Untracked 
|  24|0x0000000741800000, 0x0000000741800000, 0x0000000741900000|  0%| F|  |TAMS 0x0000000741800000, 0x0000000741800000| Untracked 
|  25|0x0000000741900000, 0x0000000741900000, 0x0000000741a00000|  0%| F|  |TAMS 0x0000000741900000, 0x0000000741900000| Untracked 
|  26|0x0000000741a00000, 0x0000000741a00000, 0x0000000741b00000|  0%| F|  |TAMS 0x0000000741a00000, 0x0000000741a00000| Untracked 
|  27|0x0000000741b00000, 0x0000000741b00000, 0x0000000741c00000|  0%| F|  |TAMS 0x0000000741b00000, 0x0000000741b00000| Untracked 
|  28|0x0000000741c00000, 0x0000000741c00000, 0x0000000741d00000|  0%| F|  |TAMS 0x0000000741c00000, 0x0000000741c00000| Untracked 
|  29|0x0000000741d00000, 0x0000000741d00000, 0x0000000741e00000|  0%| F|  |TAMS 0x0000000741d00000, 0x0000000741d00000| Untracked 
|  30|0x0000000741e00000, 0x0000000741e00000, 0x0000000741f00000|  0%| F|  |TAMS 0x0000000741e00000, 0x0000000741e00000| Untracked 
|  31|0x0000000741f00000, 0x0000000741f00000, 0x0000000742000000|  0%| F|  |TAMS 0x0000000741f00000, 0x0000000741f00000| Untracked 
|  32|0x0000000742000000, 0x0000000742000000, 0x0000000742100000|  0%| F|  |TAMS 0x0000000742000000, 0x0000000742000000| Untracked 
|  33|0x0000000742100000, 0x0000000742100000, 0x0000000742200000|  0%| F|  |TAMS 0x0000000742100000, 0x0000000742100000| Untracked 
|  34|0x0000000742200000, 0x0000000742200000, 0x0000000742300000|  0%| F|  |TAMS 0x0000000742200000, 0x0000000742200000| Untracked 
|  35|0x0000000742300000, 0x0000000742300000, 0x0000000742400000|  0%| F|  |TAMS 0x0000000742300000, 0x0000000742300000| Untracked 
|  36|0x0000000742400000, 0x0000000742400000, 0x0000000742500000|  0%| F|  |TAMS 0x0000000742400000, 0x0000000742400000| Untracked 
|  37|0x0000000742500000, 0x0000000742500000, 0x0000000742600000|  0%| F|  |TAMS 0x0000000742500000, 0x0000000742500000| Untracked 
|  38|0x0000000742600000, 0x0000000742600000, 0x0000000742700000|  0%| F|  |TAMS 0x0000000742600000, 0x0000000742600000| Untracked 
|  39|0x0000000742700000, 0x0000000742700000, 0x0000000742800000|  0%| F|  |TAMS 0x0000000742700000, 0x0000000742700000| Untracked 
|  40|0x0000000742800000, 0x0000000742800000, 0x0000000742900000|  0%| F|  |TAMS 0x0000000742800000, 0x0000000742800000| Untracked 
|  41|0x0000000742900000, 0x0000000742900000, 0x0000000742a00000|  0%| F|  |TAMS 0x0000000742900000, 0x0000000742900000| Untracked 
|  42|0x0000000742a00000, 0x0000000742a00000, 0x0000000742b00000|  0%| F|  |TAMS 0x0000000742a00000, 0x0000000742a00000| Untracked 
|  43|0x0000000742b00000, 0x0000000742b00000, 0x0000000742c00000|  0%| F|  |TAMS 0x0000000742b00000, 0x0000000742b00000| Untracked 
|  44|0x0000000742c00000, 0x0000000742c00000, 0x0000000742d00000|  0%| F|  |TAMS 0x0000000742c00000, 0x0000000742c00000| Untracked 
|  45|0x0000000742d00000, 0x0000000742d00000, 0x0000000742e00000|  0%| F|  |TAMS 0x0000000742d00000, 0x0000000742d00000| Untracked 
|  46|0x0000000742e00000, 0x0000000742e00000, 0x0000000742f00000|  0%| F|  |TAMS 0x0000000742e00000, 0x0000000742e00000| Untracked 
|  47|0x0000000742f00000, 0x0000000742f00000, 0x0000000743000000|  0%| F|  |TAMS 0x0000000742f00000, 0x0000000742f00000| Untracked 
|  48|0x0000000743000000, 0x0000000743000000, 0x0000000743100000|  0%| F|  |TAMS 0x0000000743000000, 0x0000000743000000| Untracked 
|  49|0x0000000743100000, 0x0000000743100000, 0x0000000743200000|  0%| F|  |TAMS 0x0000000743100000, 0x0000000743100000| Untracked 
|  50|0x0000000743200000, 0x0000000743200000, 0x0000000743300000|  0%| F|  |TAMS 0x0000000743200000, 0x0000000743200000| Untracked 
|  51|0x0000000743300000, 0x0000000743300000, 0x0000000743400000|  0%| F|  |TAMS 0x0000000743300000, 0x0000000743300000| Untracked 
|  52|0x0000000743400000, 0x0000000743400000, 0x0000000743500000|  0%| F|  |TAMS 0x0000000743400000, 0x0000000743400000| Untracked 
|  53|0x0000000743500000, 0x0000000743500000, 0x0000000743600000|  0%| F|  |TAMS 0x0000000743500000, 0x0000000743500000| Untracked 
|  54|0x0000000743600000, 0x0000000743600000, 0x0000000743700000|  0%| F|  |TAMS 0x0000000743600000, 0x0000000743600000| Untracked 
|  55|0x0000000743700000, 0x0000000743700000, 0x0000000743800000|  0%| F|  |TAMS 0x0000000743700000, 0x0000000743700000| Untracked 
|  56|0x0000000743800000, 0x0000000743800000, 0x0000000743900000|  0%| F|  |TAMS 0x0000000743800000, 0x0000000743800000| Untracked 
|  57|0x0000000743900000, 0x0000000743900000, 0x0000000743a00000|  0%| F|  |TAMS 0x0000000743900000, 0x0000000743900000| Untracked 
|  58|0x0000000743a00000, 0x0000000743a00000, 0x0000000743b00000|  0%| F|  |TAMS 0x0000000743a00000, 0x0000000743a00000| Untracked 
|  59|0x0000000743b00000, 0x0000000743b00000, 0x0000000743c00000|  0%| F|  |TAMS 0x0000000743b00000, 0x0000000743b00000| Untracked 
|  60|0x0000000743c00000, 0x0000000743c00000, 0x0000000743d00000|  0%| F|  |TAMS 0x0000000743c00000, 0x0000000743c00000| Untracked 
|  61|0x0000000743d00000, 0x0000000743d00000, 0x0000000743e00000|  0%| F|  |TAMS 0x0000000743d00000, 0x0000000743d00000| Untracked 
|  62|0x0000000743e00000, 0x0000000743e00000, 0x0000000743f00000|  0%| F|  |TAMS 0x0000000743e00000, 0x0000000743e00000| Untracked 
|  63|0x0000000743f00000, 0x0000000743f00000, 0x0000000744000000|  0%| F|  |TAMS 0x0000000743f00000, 0x0000000743f00000| Untracked 
|  64|0x0000000744000000, 0x0000000744000000, 0x0000000744100000|  0%| F|  |TAMS 0x0000000744000000, 0x0000000744000000| Untracked 
|  65|0x0000000744100000, 0x0000000744100000, 0x0000000744200000|  0%| F|  |TAMS 0x0000000744100000, 0x0000000744100000| Untracked 
|  66|0x0000000744200000, 0x0000000744200000, 0x0000000744300000|  0%| F|  |TAMS 0x0000000744200000, 0x0000000744200000| Untracked 
|  67|0x0000000744300000, 0x0000000744300000, 0x0000000744400000|  0%| F|  |TAMS 0x0000000744300000, 0x0000000744300000| Untracked 
|  68|0x0000000744400000, 0x0000000744400000, 0x0000000744500000|  0%| F|  |TAMS 0x0000000744400000, 0x0000000744400000| Untracked 
|  69|0x0000000744500000, 0x0000000744500000, 0x0000000744600000|  0%| F|  |TAMS 0x0000000744500000, 0x0000000744500000| Untracked 
|  70|0x0000000744600000, 0x0000000744600000, 0x0000000744700000|  0%| F|  |TAMS 0x0000000744600000, 0x0000000744600000| Untracked 
|  71|0x0000000744700000, 0x0000000744700000, 0x0000000744800000|  0%| F|  |TAMS 0x0000000744700000, 0x0000000744700000| Untracked 
|  72|0x0000000744800000, 0x0000000744800000, 0x0000000744900000|  0%| F|  |TAMS 0x0000000744800000, 0x0000000744800000| Untracked 
|  73|0x0000000744900000, 0x0000000744900000, 0x0000000744a00000|  0%| F|  |TAMS 0x0000000744900000, 0x0000000744900000| Untracked 
|  74|0x0000000744a00000, 0x0000000744a00000, 0x0000000744b00000|  0%| F|  |TAMS 0x0000000744a00000, 0x0000000744a00000| Untracked 
|  75|0x0000000744b00000, 0x0000000744b00000, 0x0000000744c00000|  0%| F|  |TAMS 0x0000000744b00000, 0x0000000744b00000| Untracked 
|  76|0x0000000744c00000, 0x0000000744c00000, 0x0000000744d00000|  0%| F|  |TAMS 0x0000000744c00000, 0x0000000744c00000| Untracked 
|  77|0x0000000744d00000, 0x0000000744d00000, 0x0000000744e00000|  0%| F|  |TAMS 0x0000000744d00000, 0x0000000744d00000| Untracked 
|  78|0x0000000744e00000, 0x0000000744e00000, 0x0000000744f00000|  0%| F|  |TAMS 0x0000000744e00000, 0x0000000744e00000| Untracked 
|  79|0x0000000744f00000, 0x0000000744f00000, 0x0000000745000000|  0%| F|  |TAMS 0x0000000744f00000, 0x0000000744f00000| Untracked 
|  80|0x0000000745000000, 0x0000000745000000, 0x0000000745100000|  0%| F|  |TAMS 0x0000000745000000, 0x0000000745000000| Untracked 
|  81|0x0000000745100000, 0x0000000745100000, 0x0000000745200000|  0%| F|  |TAMS 0x0000000745100000, 0x0000000745100000| Untracked 
|  82|0x0000000745200000, 0x0000000745200000, 0x0000000745300000|  0%| F|  |TAMS 0x0000000745200000, 0x0000000745200000| Untracked 
|  83|0x0000000745300000, 0x0000000745300000, 0x0000000745400000|  0%| F|  |TAMS 0x0000000745300000, 0x0000000745300000| Untracked 
|  84|0x0000000745400000, 0x0000000745400000, 0x0000000745500000|  0%| F|  |TAMS 0x0000000745400000, 0x0000000745400000| Untracked 
|  85|0x0000000745500000, 0x0000000745500000, 0x0000000745600000|  0%| F|  |TAMS 0x0000000745500000, 0x0000000745500000| Untracked 
|  86|0x0000000745600000, 0x0000000745600000, 0x0000000745700000|  0%| F|  |TAMS 0x0000000745600000, 0x0000000745600000| Untracked 
|  87|0x0000000745700000, 0x0000000745700000, 0x0000000745800000|  0%| F|  |TAMS 0x0000000745700000, 0x0000000745700000| Untracked 
|  88|0x0000000745800000, 0x0000000745800000, 0x0000000745900000|  0%| F|  |TAMS 0x0000000745800000, 0x0000000745800000| Untracked 
|  89|0x0000000745900000, 0x0000000745900000, 0x0000000745a00000|  0%| F|  |TAMS 0x0000000745900000, 0x0000000745900000| Untracked 
|  90|0x0000000745a00000, 0x0000000745a00000, 0x0000000745b00000|  0%| F|  |TAMS 0x0000000745a00000, 0x0000000745a00000| Untracked 
|  91|0x0000000745b00000, 0x0000000745b00000, 0x0000000745c00000|  0%| F|  |TAMS 0x0000000745b00000, 0x0000000745b00000| Untracked 
|  92|0x0000000745c00000, 0x0000000745c00000, 0x0000000745d00000|  0%| F|  |TAMS 0x0000000745c00000, 0x0000000745c00000| Untracked 
|  93|0x0000000745d00000, 0x0000000745d00000, 0x0000000745e00000|  0%| F|  |TAMS 0x0000000745d00000, 0x0000000745d00000| Untracked 
|  94|0x0000000745e00000, 0x0000000745e00000, 0x0000000745f00000|  0%| F|  |TAMS 0x0000000745e00000, 0x0000000745e00000| Untracked 
|  95|0x0000000745f00000, 0x0000000745f00000, 0x0000000746000000|  0%| F|  |TAMS 0x0000000745f00000, 0x0000000745f00000| Untracked 
|  96|0x0000000746000000, 0x0000000746000000, 0x0000000746100000|  0%| F|  |TAMS 0x0000000746000000, 0x0000000746000000| Untracked 
|  97|0x0000000746100000, 0x0000000746100000, 0x0000000746200000|  0%| F|  |TAMS 0x0000000746100000, 0x0000000746100000| Untracked 
|  98|0x0000000746200000, 0x0000000746200000, 0x0000000746300000|  0%| F|  |TAMS 0x0000000746200000, 0x0000000746200000| Untracked 
|  99|0x0000000746300000, 0x0000000746300000, 0x0000000746400000|  0%| F|  |TAMS 0x0000000746300000, 0x0000000746300000| Untracked 
| 100|0x0000000746400000, 0x0000000746400000, 0x0000000746500000|  0%| F|  |TAMS 0x0000000746400000, 0x0000000746400000| Untracked 
| 101|0x0000000746500000, 0x0000000746500000, 0x0000000746600000|  0%| F|  |TAMS 0x0000000746500000, 0x0000000746500000| Untracked 
| 102|0x0000000746600000, 0x0000000746600000, 0x0000000746700000|  0%| F|  |TAMS 0x0000000746600000, 0x0000000746600000| Untracked 
| 103|0x0000000746700000, 0x0000000746700000, 0x0000000746800000|  0%| F|  |TAMS 0x0000000746700000, 0x0000000746700000| Untracked 
| 104|0x0000000746800000, 0x0000000746800000, 0x0000000746900000|  0%| F|  |TAMS 0x0000000746800000, 0x0000000746800000| Untracked 
| 105|0x0000000746900000, 0x0000000746900000, 0x0000000746a00000|  0%| F|  |TAMS 0x0000000746900000, 0x0000000746900000| Untracked 
| 106|0x0000000746a00000, 0x0000000746a00000, 0x0000000746b00000|  0%| F|  |TAMS 0x0000000746a00000, 0x0000000746a00000| Untracked 
| 107|0x0000000746b00000, 0x0000000746b00000, 0x0000000746c00000|  0%| F|  |TAMS 0x0000000746b00000, 0x0000000746b00000| Untracked 
| 108|0x0000000746c00000, 0x0000000746c00000, 0x0000000746d00000|  0%| F|  |TAMS 0x0000000746c00000, 0x0000000746c00000| Untracked 
| 109|0x0000000746d00000, 0x0000000746d00000, 0x0000000746e00000|  0%| F|  |TAMS 0x0000000746d00000, 0x0000000746d00000| Untracked 
| 110|0x0000000746e00000, 0x0000000746e00000, 0x0000000746f00000|  0%| F|  |TAMS 0x0000000746e00000, 0x0000000746e00000| Untracked 
| 111|0x0000000746f00000, 0x0000000746f00000, 0x0000000747000000|  0%| F|  |TAMS 0x0000000746f00000, 0x0000000746f00000| Untracked 
| 112|0x0000000747000000, 0x0000000747000000, 0x0000000747100000|  0%| F|  |TAMS 0x0000000747000000, 0x0000000747000000| Untracked 
| 113|0x0000000747100000, 0x0000000747100000, 0x0000000747200000|  0%| F|  |TAMS 0x0000000747100000, 0x0000000747100000| Untracked 
| 114|0x0000000747200000, 0x0000000747200000, 0x0000000747300000|  0%| F|  |TAMS 0x0000000747200000, 0x0000000747200000| Untracked 
| 115|0x0000000747300000, 0x0000000747300000, 0x0000000747400000|  0%| F|  |TAMS 0x0000000747300000, 0x0000000747300000| Untracked 
| 116|0x0000000747400000, 0x0000000747400000, 0x0000000747500000|  0%| F|  |TAMS 0x0000000747400000, 0x0000000747400000| Untracked 
| 117|0x0000000747500000, 0x0000000747500000, 0x0000000747600000|  0%| F|  |TAMS 0x0000000747500000, 0x0000000747500000| Untracked 
| 118|0x0000000747600000, 0x0000000747600000, 0x0000000747700000|  0%| F|  |TAMS 0x0000000747600000, 0x0000000747600000| Untracked 
| 119|0x0000000747700000, 0x0000000747700000, 0x0000000747800000|  0%| F|  |TAMS 0x0000000747700000, 0x0000000747700000| Untracked 
| 120|0x0000000747800000, 0x0000000747800000, 0x0000000747900000|  0%| F|  |TAMS 0x0000000747800000, 0x0000000747800000| Untracked 
| 121|0x0000000747900000, 0x0000000747900000, 0x0000000747a00000|  0%| F|  |TAMS 0x0000000747900000, 0x0000000747900000| Untracked 
| 122|0x0000000747a00000, 0x0000000747a00000, 0x0000000747b00000|  0%| F|  |TAMS 0x0000000747a00000, 0x0000000747a00000| Untracked 
| 123|0x0000000747b00000, 0x0000000747b00000, 0x0000000747c00000|  0%| F|  |TAMS 0x0000000747b00000, 0x0000000747b00000| Untracked 
| 124|0x0000000747c00000, 0x0000000747c00000, 0x0000000747d00000|  0%| F|  |TAMS 0x0000000747c00000, 0x0000000747c00000| Untracked 
| 125|0x0000000747d00000, 0x0000000747e00000, 0x0000000747e00000|100%| E|  |TAMS 0x0000000747d00000, 0x0000000747d00000| Complete 
| 126|0x0000000747e00000, 0x0000000747f00000, 0x0000000747f00000|100%| E|CS|TAMS 0x0000000747e00000, 0x0000000747e00000| Complete 
| 127|0x0000000747f00000, 0x0000000748000000, 0x0000000748000000|100%| E|CS|TAMS 0x0000000747f00000, 0x0000000747f00000| Complete 

Card table byte_map: [0x0000000104b98000,0x0000000104f98000] _byte_map_base: 0x0000000101198000

Marking Bits (Prev, Next): (CMBitMap*) 0x0000000152008210, (CMBitMap*) 0x0000000152008250
 Prev Bits: [0x000000011db6c000, 0x000000011fb6c000)
 Next Bits: [0x000000011fb6c000, 0x0000000121b6c000)

Polling page: 0x0000000104454000

Metaspace:

Usage:
  Non-class:      4.75 MB used.
      Class:    447.89 KB used.
       Both:      5.19 MB used.

Virtual space:
  Non-class space:        8.00 MB reserved,       4.88 MB ( 61%) committed,  1 nodes.
      Class space:        1.00 GB reserved,     576.00 KB ( <1%) committed,  1 nodes.
              Both:        1.01 GB reserved,       5.44 MB ( <1%) committed. 

Chunk freelists:
   Non-Class:  2.83 MB
       Class:  3.49 MB
        Both:  6.32 MB

MaxMetaspaceSize: 17179869184.00 GB
CompressedClassSpaceSize: 1.00 GB
 - commit_granule_bytes: 65536.
 - commit_granule_words: 8192.
 - virtual_space_node_default_size: 1048576.
 - enlarge_chunks_in_place: 1.
 - new_chunks_are_fully_committed: 0.
 - uncommit_free_chunks: 1.
 - use_allocation_guard: 0.
 - handle_deallocations: 1.


Internal statistics:

num_allocs_failed_limit: 0.
num_arena_births: 126.
num_arena_deaths: 0.
num_vsnodes_births: 2.
num_vsnodes_deaths: 0.
num_space_committed: 87.
num_space_uncommitted: 0.
num_chunks_returned_to_freelist: 0.
num_chunks_taken_from_freelist: 146.
num_chunk_merges: 0.
num_chunk_splits: 97.
num_chunks_enlarged: 56.
num_purges: 0.

CodeHeap 'non-profiled nmethods': size=120032Kb used=80Kb max_used=80Kb free=119951Kb
 bounds [0x0000000116634000, 0x00000001168a4000, 0x000000011db6c000]
CodeHeap 'profiled nmethods': size=120016Kb used=401Kb max_used=401Kb free=119614Kb
 bounds [0x000000010f100000, 0x000000010f370000, 0x0000000116634000]
CodeHeap 'non-nmethods': size=5712Kb used=1076Kb max_used=1103Kb free=4635Kb
 bounds [0x000000010eb6c000, 0x000000010eddc000, 0x000000010f100000]
 total_blobs=575 nmethods=246 adapters=246
 compilation: enabled
              stopped_count=0, restarted_count=0
 full_count=0

Compilation events (20 events):
Event: 0.783 Thread 0x0000000150809800  236       3       jdk.internal.misc.Unsafe::allocateUninitializedArray0 (90 bytes)
Event: 0.783 Thread 0x0000000150809800 nmethod 236 0x000000010f15d590 code [0x000000010f15d7c0, 0x000000010f15e268]
Event: 0.783 Thread 0x0000000150809800  224       3       java.util.ArrayList$Itr::checkForComodification (23 bytes)
Event: 0.783 Thread 0x0000000150809800 nmethod 224 0x000000010f15e410 code [0x000000010f15e5c0, 0x000000010f15e7d8]
Event: 0.783 Thread 0x0000000150809800  222       1       java.lang.invoke.LambdaForm$NamedFunction::intrinsicName (5 bytes)
Event: 0.783 Thread 0x0000000150809800 nmethod 222 0x0000000116646f10 code [0x0000000116647080, 0x0000000116647168]
Event: 0.783 Thread 0x0000000150809800  226       1       java.lang.invoke.MethodTypeForm::erasedType (5 bytes)
Event: 0.783 Thread 0x0000000150809800 nmethod 226 0x0000000116647210 code [0x0000000116647380, 0x0000000116647468]
Event: 0.786 Thread 0x0000000150809800  238       3       java.lang.invoke.MethodType::parameterCount (6 bytes)
Event: 0.786 Thread 0x0000000150809800 nmethod 238 0x000000010f15e910 code [0x000000010f15eac0, 0x000000010f15ec28]
Event: 0.788 Thread 0x0000000150809800  241       3       java.lang.invoke.MemberName::getMethodOrFieldType (72 bytes)
Event: 0.789 Thread 0x0000000150809800 nmethod 241 0x000000010f15ed10 code [0x000000010f15f140, 0x000000010f1601f8]
Event: 0.789 Thread 0x0000000150809800  245       3       java.util.Arrays::equals (57 bytes)
Event: 0.790 Thread 0x0000000150809800 nmethod 245 0x000000010f160890 code [0x000000010f160ac0, 0x000000010f161098]
Event: 0.790 Thread 0x0000000150809800  242       3       java.lang.invoke.InvokerBytecodeGenerator::emitPushArgument (129 bytes)
Event: 0.790 Thread 0x0000000150809800 nmethod 242 0x000000010f161290 code [0x000000010f161680, 0x000000010f162848]
Event: 0.790 Thread 0x0000000150809800  243       3       java.lang.invoke.InvokerBytecodeGenerator::emitLoadInsn (21 bytes)
Event: 0.791 Thread 0x0000000150809800 nmethod 243 0x000000010f162e90 code [0x000000010f163040, 0x000000010f163348]
Event: 0.791 Thread 0x0000000150809800  244       3       java.lang.invoke.InvokerBytecodeGenerator::loadInsnOpcode (87 bytes)
Event: 0.791 Thread 0x0000000150809800 nmethod 244 0x000000010f163490 code [0x000000010f163780, 0x000000010f164248]

GC Heap History (0 events):
No events

Deoptimization events (0 events):
No events

Classes unloaded (0 events):
No events

Classes redefined (10 events):
Event: 63.643 Thread 0x000000014fe05e10 redefined class name=universalMethodLambda.IntegerSuperMethod, count=1
Event: 63.643 Thread 0x000000014fe05e10 redefined class name=universalMethodLambda.myLambda, count=2
Event: 81.427 Thread 0x000000014fe05e10 redefined class name=universalMethodLambda.IntegerSuperMethod, count=2
Event: 81.427 Thread 0x000000014fe05e10 redefined class name=universalMethodLambda.myLambda, count=4
Event: 94.519 Thread 0x000000014fe05e10 redefined class name=universalMethodLambda.IntegerSuperMethod, count=3
Event: 94.519 Thread 0x000000014fe05e10 redefined class name=universalMethodLambda.myLambda, count=6
Event: 234.563 Thread 0x000000014fe05e10 redefined class name=universalMethodLambda.IntegerSuperMethod, count=4
Event: 234.563 Thread 0x000000014fe05e10 redefined class name=universalMethodLambda.myLambda, count=8
Event: 250.719 Thread 0x000000014fe05e10 redefined class name=universalMethodLambda.IntegerSuperMethod, count=5
Event: 250.719 Thread 0x000000014fe05e10 redefined class name=universalMethodLambda.myLambda, count=10

Internal exceptions (20 events):
Event: 0.729 Thread 0x0000000151008800 Exception <a 'java/lang/NoSuchMethodError'{0x0000000747e3f098}: 'java.lang.Object java.lang.invoke.DirectMethodHandle$Holder.getReference(java.lang.Object, java.lang.Object)'> (0x0000000747e3f098) 
thrown [src/hotspot/share/interpreter/linkResolver.cpp, line 790]
Event: 0.730 Thread 0x0000000151008800 Exception <a 'java/lang/NoSuchMethodError'{0x0000000747e43450}: 'java.lang.Object java.lang.invoke.LambdaForm$Holder.identity_L(java.lang.Object, java.lang.Object)'> (0x0000000747e43450) 
thrown [src/hotspot/share/interpreter/linkResolver.cpp, line 790]
Event: 0.731 Thread 0x0000000151008800 Exception <a 'java/lang/NoSuchMethodError'{0x0000000747e46390}: 'java.lang.Object java.lang.invoke.LambdaForm$Holder.zero_L(java.lang.Object)'> (0x0000000747e46390) 
thrown [src/hotspot/share/interpreter/linkResolver.cpp, line 790]
Event: 0.733 Thread 0x0000000151008800 Exception <a 'java/lang/NoSuchMethodError'{0x0000000747e4cb58}: 'java.lang.Object java.lang.invoke.DirectMethodHandle$Holder.invokeSpecial(java.lang.Object, java.lang.Object)'> (0x0000000747e4cb58) 
thrown [src/hotspot/share/interpreter/linkResolver.cpp, line 790]
Event: 0.734 Thread 0x0000000151008800 Exception <a 'java/lang/NoSuchMethodError'{0x0000000747e50190}: 'java.lang.Object java.lang.invoke.Invokers$Holder.linkToTargetMethod(java.lang.Object)'> (0x0000000747e50190) 
thrown [src/hotspot/share/interpreter/linkResolver.cpp, line 790]
Event: 0.736 Thread 0x0000000151008800 Exception <a 'java/lang/NoSuchMethodError'{0x0000000747e53a20}: 'java.lang.Object java.lang.invoke.DirectMethodHandle$Holder.invokeStatic(java.lang.Object, java.lang.Object, java.lang.Object, java.lang.Object, java.lang.Object, java.lang.Object)'> (0x0000000747e53a20) 
thrown [src/hotspot/share/interpreter/linkResolver.cpp, line 790]
Event: 0.737 Thread 0x0000000151008800 Exception <a 'java/lang/NoSuchMethodError'{0x0000000747e57be0}: 'java.lang.Object java.lang.invoke.DirectMethodHandle$Holder.invokeSpecial(java.lang.Object, java.lang.Object, java.lang.Object, java.lang.Object, java.lang.Object, java.lang.Object, java.lang.Object)'> (0x0000000747e57be0) 
thrown [src/hotspot/share/interpreter/linkResolver.cpp, line 790]
Event: 0.738 Thread 0x0000000151008800 Exception <a 'java/lang/NoSuchMethodError'{0x0000000747e5bf68}: 'java.lang.Object java.lang.invoke.DelegatingMethodHandle$Holder.delegate(java.lang.Object, java.lang.Object, java.lang.Object, java.lang.Object, java.lang.Object, java.lang.Object)'> (0x0000000747e5bf68) 
thrown [src/hotspot/share/interpreter/linkResolver.cpp, line 790]
Event: 0.739 Thread 0x0000000151008800 Exception <a 'java/lang/NoSuchMethodError'{0x0000000747e60140}: 'java.lang.Object java.lang.invoke.Invokers$Holder.invokeExact_MT(java.lang.Object, java.lang.Object, java.lang.Object, java.lang.Object, java.lang.Object, java.lang.Object, java.lang.Object)'> (0x0000000747e60140) 
thrown [src/hotspot/share/interpreter/linkResolver.cpp, line 790]
Event: 0.739 Thread 0x0000000151008800 Exception <a 'java/lang/NoSuchMethodError'{0x0000000747e649b8}: 'java.lang.Object java.lang.invoke.DirectMethodHandle$Holder.invokeStatic(java.lang.Object, java.lang.Object)'> (0x0000000747e649b8) 
thrown [src/hotspot/share/interpreter/linkResolver.cpp, line 790]
Event: 0.753 Thread 0x0000000151008800 Exception <a 'java/lang/NoSuchMethodError'{0x0000000747d07740}: 'java.lang.Object java.lang.invoke.DirectMethodHandle$Holder.invokeStatic(java.lang.Object, java.lang.Object, java.lang.Object, java.lang.Object, java.lang.Object)'> (0x0000000747d07740) 
thrown [src/hotspot/share/interpreter/linkResolver.cpp, line 790]
Event: 0.763 Thread 0x0000000151008800 Exception <a 'java/lang/NoSuchMethodError'{0x0000000747d4ba80}: 'java.lang.Object java.lang.invoke.DirectMethodHandle$Holder.invokeSpecial(java.lang.Object, java.lang.Object, long)'> (0x0000000747d4ba80) 
thrown [src/hotspot/share/interpreter/linkResolver.cpp, line 790]
Event: 0.767 Thread 0x0000000151008800 Exception <a 'java/lang/NoSuchMethodError'{0x0000000747d6c568}: 'java.lang.Object java.lang.invoke.DirectMethodHandle$Holder.invokeStatic(java.lang.Object, java.lang.Object, java.lang.Object, java.lang.Object, java.lang.Object, java.lang.Object, java.lang.Object, java.lang.Object)'> (0x0000000747d6c568) 
thrown [src/hotspot/share/interpreter/linkResolver.cpp, line 790]
Event: 0.774 Thread 0x0000000151008800 Exception <a 'java/lang/NoSuchMethodError'{0x0000000747d8e838}: 'java.lang.Object java.lang.invoke.DirectMethodHandle$Holder.invokeStatic(java.lang.Object, java.lang.Object, java.lang.Object, java.lang.Object, long)'> (0x0000000747d8e838) 
thrown [src/hotspot/share/interpreter/linkResolver.cpp, line 790]
Event: 0.776 Thread 0x0000000151008800 Exception <a 'java/lang/NoSuchMethodError'{0x0000000747da94b0}: 'java.lang.Object java.lang.invoke.DirectMethodHandle$Holder.invokeStatic(java.lang.Object, java.lang.Object, java.lang.Object, java.lang.Object, java.lang.Object, java.lang.Object, java.lang.Object, java.lang.Object, java.lang.Object)'> (0x0000000747da94b0) 
thrown [src/hotspot/share/interpreter/linkResolver.cpp, line 790]
Event: 0.779 Thread 0x0000000151008800 Exception <a 'java/lang/NoSuchMethodError'{0x0000000747dc8018}: 'java.lang.Object java.lang.invoke.DirectMethodHandle$Holder.invokeStatic(java.lang.Object, java.lang.Object, java.lang.Object, java.lang.Object, java.lang.Object, java.lang.Object, java.lang.Object, java.lang.Object, java.lang.Object, java.lang.Object)'> (0x0000000747dc8018) 
thrown [src/hotspot/share/interpreter/linkResolver.cpp, line 790]
Event: 0.779 Thread 0x0000000151008800 Exception <a 'java/lang/NoSuchMethodError'{0x0000000747dcd8f0}: 'java.lang.Object java.lang.invoke.DirectMethodHandle$Holder.invokeSpecial(java.lang.Object, java.lang.Object, java.lang.Object)'> (0x0000000747dcd8f0) 
thrown [src/hotspot/share/interpreter/linkResolver.cpp, line 790]
Event: 0.785 Thread 0x0000000151008800 Exception <a 'java/lang/NoSuchMethodError'{0x0000000747de0c70}: 'int java.lang.invoke.DirectMethodHandle$Holder.invokeStatic(java.lang.Object, int)'> (0x0000000747de0c70) 
thrown [src/hotspot/share/interpreter/linkResolver.cpp, line 790]
Event: 0.788 Thread 0x0000000151008800 Exception <a 'java/lang/NoSuchMethodError'{0x0000000747de9e08}: 'java.lang.Object java.lang.invoke.DirectMethodHandle$Holder.invokeSpecial(java.lang.Object, java.lang.Object, java.lang.Object, java.lang.Object)'> (0x0000000747de9e08) 
thrown [src/hotspot/share/interpreter/linkResolver.cpp, line 790]
Event: 0.789 Thread 0x0000000151008800 Exception <a 'java/lang/NoSuchMethodError'{0x0000000747df45d0}: 'java.lang.Object java.lang.invoke.Invokers$Holder.linkToTargetMethod(java.lang.Object, java.lang.Object)'> (0x0000000747df45d0) 
thrown [src/hotspot/share/interpreter/linkResolver.cpp, line 790]

Events (20 events):
Event: 440.275 Executing  VM operation: ChangeBreakpoints
Event: 440.275 Executing  VM operation: ChangeBreakpoints done
Event: 869.448 Executing  VM operation: ChangeBreakpoints
Event: 869.448 Executing  VM operation: ChangeBreakpoints done
Event: 872.467 Executing  VM operation: ChangeBreakpoints
Event: 872.467 Executing  VM operation: ChangeBreakpoints done
Event: 872.485 Executing  VM operation: ChangeBreakpoints
Event: 872.485 Executing  VM operation: ChangeBreakpoints done
Event: 906.281 Executing  VM operation: ChangeBreakpoints
Event: 906.282 Executing  VM operation: ChangeBreakpoints done
Event: 907.746 Executing  VM operation: ChangeBreakpoints
Event: 907.746 Executing  VM operation: ChangeBreakpoints done
Event: 919.079 Executing  VM operation: ChangeBreakpoints
Event: 919.079 Executing  VM operation: ChangeBreakpoints done
Event: 919.096 Executing  VM operation: ChangeBreakpoints
Event: 919.096 Executing  VM operation: ChangeBreakpoints done
Event: 921.129 Executing  VM operation: ChangeBreakpoints
Event: 921.129 Executing  VM operation: ChangeBreakpoints done
Event: 1668.075 Protecting memory [0x000000016de74000,0x000000016de80000] with protection modes 3
Event: 1668.075 Executing  VM operation: ChangeBreakpoints


Dynamic libraries:
0x00000001044b0000 	/Users/sergiopele/Library/Java/JavaVirtualMachines/azul-16.0.2/Contents/Home/lib/libjli.dylib
0x00000001c0277000 	/usr/lib/libz.1.dylib
0x00000001c0331000 	/usr/lib/libSystem.B.dylib
0x00000001c032b000 	/usr/lib/system/libcache.dylib
0x00000001c02e4000 	/usr/lib/system/libcommonCrypto.dylib
0x00000001c0312000 	/usr/lib/system/libcompiler_rt.dylib
0x00000001c0308000 	/usr/lib/system/libcopyfile.dylib
0x00000001b4ad3000 	/usr/lib/system/libcorecrypto.dylib
0x00000001b4b8b000 	/usr/lib/system/libdispatch.dylib
0x00000001b4d1c000 	/usr/lib/system/libdyld.dylib
0x00000001c0321000 	/usr/lib/system/libkeymgr.dylib
0x00000001c02c2000 	/usr/lib/system/libmacho.dylib
0x00000001bf99e000 	/usr/lib/system/libquarantine.dylib
0x00000001c031e000 	/usr/lib/system/libremovefile.dylib
0x00000001b99ab000 	/usr/lib/system/libsystem_asl.dylib
0x00000001b4a71000 	/usr/lib/system/libsystem_blocks.dylib
0x00000001b4bd6000 	/usr/lib/system/libsystem_c.dylib
0x00000001c0316000 	/usr/lib/system/libsystem_collections.dylib
0x00000001beec7000 	/usr/lib/system/libsystem_configuration.dylib
0x00000001bdf51000 	/usr/lib/system/libsystem_containermanager.dylib
0x00000001bffd3000 	/usr/lib/system/libsystem_coreservices.dylib
0x00000001b7b48000 	/usr/lib/system/libsystem_darwin.dylib
0x00000001c0322000 	/usr/lib/system/libsystem_dnssd.dylib
0x00000001b4bd3000 	/usr/lib/system/libsystem_featureflags.dylib
0x00000001b4d48000 	/usr/lib/system/libsystem_info.dylib
0x00000001c0289000 	/usr/lib/system/libsystem_m.dylib
0x00000001b4b5f000 	/usr/lib/system/libsystem_malloc.dylib
0x00000001b992b000 	/usr/lib/system/libsystem_networkextension.dylib
0x00000001b7fb2000 	/usr/lib/system/libsystem_notify.dylib
0x00000001beecc000 	/usr/lib/system/libsystem_sandbox.dylib
0x00000001c031b000 	/usr/lib/system/libsystem_secinit.dylib
0x00000001b4cd6000 	/usr/lib/system/libsystem_kernel.dylib
0x00000001b4d40000 	/usr/lib/system/libsystem_platform.dylib
0x00000001b4d0f000 	/usr/lib/system/libsystem_pthread.dylib
0x00000001bb17a000 	/usr/lib/system/libsystem_symptoms.dylib
0x00000001b4ab9000 	/usr/lib/system/libsystem_trace.dylib
0x00000001c02f5000 	/usr/lib/system/libunwind.dylib
0x00000001b4a76000 	/usr/lib/system/libxpc.dylib
0x00000001b4cbe000 	/usr/lib/libc++abi.dylib
0x00000001b49a0000 	/usr/lib/libobjc.A.dylib
0x00000001c0300000 	/usr/lib/liboah.dylib
0x00000001b4c57000 	/usr/lib/libc++.1.dylib
0x00000001cc0f8000 	/System/Library/Frameworks/Cocoa.framework/Versions/A/Cocoa
0x00000001b8013000 	/System/Library/Frameworks/AppKit.framework/Versions/C/AppKit
0x00000001ba9ad000 	/System/Library/Frameworks/CoreData.framework/Versions/A/CoreData
0x00000001b5c9f000 	/System/Library/Frameworks/Foundation.framework/Versions/C/Foundation
0x00000001b8f1b000 	/System/Library/PrivateFrameworks/UIFoundation.framework/Versions/A/UIFoundation
0x000000021f9bb000 	/System/Library/PrivateFrameworks/CollectionViewCore.framework/Versions/A/CollectionViewCore
0x00000001c65b9000 	/System/Library/PrivateFrameworks/RemoteViewServices.framework/Versions/A/RemoteViewServices
0x00000001be781000 	/System/Library/PrivateFrameworks/XCTTargetBootstrap.framework/Versions/A/XCTTargetBootstrap
0x00000001c20c3000 	/System/Library/PrivateFrameworks/InternationalSupport.framework/Versions/A/InternationalSupport
0x00000001c214a000 	/System/Library/PrivateFrameworks/UserActivity.framework/Versions/A/UserActivity
0x0000000236584000 	/System/Library/PrivateFrameworks/WindowManagement.framework/Versions/A/WindowManagement
0x00000001b5969000 	/System/Library/Frameworks/SystemConfiguration.framework/Versions/A/SystemConfiguration
0x00000001c15c8000 	/usr/lib/libspindump.dylib
0x00000001b90c0000 	/System/Library/Frameworks/UniformTypeIdentifiers.framework/Versions/A/UniformTypeIdentifiers
0x00000001bcaac000 	/usr/lib/libapp_launch_measurement.dylib
0x00000001bbf5e000 	/System/Library/PrivateFrameworks/CoreAnalytics.framework/Versions/A/CoreAnalytics
0x00000001bcab3000 	/System/Library/PrivateFrameworks/CoreAutoLayout.framework/Versions/A/CoreAutoLayout
0x00000001bdfa3000 	/System/Library/Frameworks/Metal.framework/Versions/A/Metal
0x00000001beed8000 	/usr/lib/liblangid.dylib
0x00000001be787000 	/System/Library/PrivateFrameworks/CoreSVG.framework/Versions/A/CoreSVG
0x00000001b99e1000 	/System/Library/PrivateFrameworks/SkyLight.framework/Versions/A/SkyLight
0x00000001b9df8000 	/System/Library/Frameworks/CoreGraphics.framework/Versions/A/CoreGraphics
0x00000001c6c88000 	/System/Library/Frameworks/Accelerate.framework/Versions/A/Accelerate
0x00000001c1036000 	/System/Library/PrivateFrameworks/IconServices.framework/Versions/A/IconServices
0x00000001bdf83000 	/System/Library/Frameworks/IOSurface.framework/Versions/A/IOSurface
0x00000001bbf8b000 	/usr/lib/libDiagnosticMessagesClient.dylib
0x00000001c9ee4000 	/System/Library/Frameworks/ApplicationServices.framework/Versions/A/ApplicationServices
0x00000001be769000 	/System/Library/PrivateFrameworks/DFRFoundation.framework/Versions/A/DFRFoundation
0x00000001b7891000 	/usr/lib/libicucore.A.dylib
0x00000001c3052000 	/System/Library/Frameworks/AudioToolbox.framework/Versions/A/AudioToolbox
0x00000001c20ce000 	/System/Library/PrivateFrameworks/DataDetectorsCore.framework/Versions/A/DataDetectorsCore
0x00000001d90da000 	/System/Library/PrivateFrameworks/TextInput.framework/Versions/A/TextInput
0x00000001b9946000 	/usr/lib/libMobileGestalt.dylib
0x00000001be435000 	/System/Library/Frameworks/Carbon.framework/Versions/A/Frameworks/HIToolbox.framework/Versions/A/HIToolbox
0x00000001bc436000 	/System/Library/Frameworks/QuartzCore.framework/Versions/A/QuartzCore
0x00000001b74ee000 	/System/Library/Frameworks/Security.framework/Versions/A/Security
0x00000001c65f9000 	/System/Library/Frameworks/Carbon.framework/Versions/A/Frameworks/SpeechRecognition.framework/Versions/A/SpeechRecognition
0x00000001bc7eb000 	/System/Library/PrivateFrameworks/CoreUI.framework/Versions/A/CoreUI
0x00000001b6e0e000 	/System/Library/Frameworks/CoreAudio.framework/Versions/A/CoreAudio
0x00000001bc067000 	/System/Library/Frameworks/DiskArbitration.framework/Versions/A/DiskArbitration
0x00000001c19fb000 	/System/Library/PrivateFrameworks/MultitouchSupport.framework/Versions/A/MultitouchSupport
0x00000001b9944000 	/usr/lib/libenergytrace.dylib
0x00000001b7ed6000 	/System/Library/Frameworks/IOKit.framework/Versions/A/IOKit
0x00000001c69dc000 	/System/Library/Frameworks/CoreServices.framework/Versions/A/CoreServices
0x00000001bca39000 	/System/Library/PrivateFrameworks/PerformanceAnalysis.framework/Versions/A/PerformanceAnalysis
0x000000020305d000 	/System/Library/Frameworks/OpenGL.framework/Versions/A/OpenGL
0x00000001bcafd000 	/usr/lib/libxml2.2.dylib
0x00000001bf8a5000 	/System/Library/PrivateFrameworks/MobileKeyBag.framework/Versions/A/MobileKeyBag
0x00000001ba442000 	/System/Library/Frameworks/ColorSync.framework/Versions/A/ColorSync
0x00000001b4d74000 	/System/Library/Frameworks/CoreFoundation.framework/Versions/A/CoreFoundation
0x00000001beaff000 	/System/Library/Frameworks/CoreImage.framework/Versions/A/CoreImage
0x00000001b6c2f000 	/System/Library/Frameworks/CoreText.framework/Versions/A/CoreText
0x00000001be7c0000 	/System/Library/Frameworks/ImageIO.framework/Versions/A/ImageIO
0x00000001c0337000 	/System/Library/PrivateFrameworks/SoftLinking.framework/Versions/A/SoftLinking
0x00000001c05ca000 	/usr/lib/libcompression.dylib
0x00000001c201f000 	/System/Library/PrivateFrameworks/TextureIO.framework/Versions/A/TextureIO
0x00000001c0d08000 	/usr/lib/libate.dylib
0x00000001c0bc7000 	/usr/lib/liblzma.5.dylib
0x00000001c0333000 	/usr/lib/libfakelink.dylib
0x00000001b956b000 	/System/Library/Frameworks/CFNetwork.framework/Versions/A/CFNetwork
0x00000001c0472000 	/usr/lib/libarchive.2.dylib
0x00000001c4946000 	/System/Library/Frameworks/Combine.framework/Versions/A/Combine
0x00000001c2a1c000 	/usr/lib/swift/libswiftCore.dylib
0x00000001d61de000 	/usr/lib/swift/libswiftCoreFoundation.dylib
0x00000001d40de000 	/usr/lib/swift/libswiftDarwin.dylib
0x00000001c7ef8000 	/usr/lib/swift/libswiftDispatch.dylib
0x00000001d61ff000 	/usr/lib/swift/libswiftIOKit.dylib
0x00000001ca2ff000 	/usr/lib/swift/libswiftObjectiveC.dylib
0x00000001d61f2000 	/usr/lib/swift/libswiftXPC.dylib
0x000000023cd67000 	/usr/lib/swift/libswift_Concurrency.dylib
0x000000023ceb9000 	/usr/lib/swift/libswift_StringProcessing.dylib
0x00000001ca303000 	/usr/lib/swift/libswiftos.dylib
0x00000001b7e5b000 	/System/Library/PrivateFrameworks/CoreServicesInternal.framework/Versions/A/CoreServicesInternal
0x00000001bf9c9000 	/usr/lib/libbsm.0.dylib
0x00000001c02c8000 	/usr/lib/system/libkxld.dylib
0x00000001bca75000 	/System/Library/Frameworks/CoreServices.framework/Versions/A/Frameworks/FSEvents.framework/Versions/A/FSEvents
0x00000001b7b53000 	/System/Library/Frameworks/CoreServices.framework/Versions/A/Frameworks/CarbonCore.framework/Versions/A/CarbonCore
0x00000001bbfce000 	/System/Library/Frameworks/CoreServices.framework/Versions/A/Frameworks/Metadata.framework/Versions/A/Metadata
0x00000001bffd9000 	/System/Library/Frameworks/CoreServices.framework/Versions/A/Frameworks/OSServices.framework/Versions/A/OSServices
0x00000001c04f9000 	/System/Library/Frameworks/CoreServices.framework/Versions/A/Frameworks/SearchKit.framework/Versions/A/SearchKit
0x00000001bb0fd000 	/System/Library/Frameworks/CoreServices.framework/Versions/A/Frameworks/AE.framework/Versions/A/AE
0x00000001b524c000 	/System/Library/Frameworks/CoreServices.framework/Versions/A/Frameworks/LaunchServices.framework/Versions/A/LaunchServices
0x00000001c0b70000 	/System/Library/Frameworks/CoreServices.framework/Versions/A/Frameworks/DictionaryServices.framework/Versions/A/DictionaryServices
0x00000001bca82000 	/System/Library/Frameworks/CoreServices.framework/Versions/A/Frameworks/SharedFileList.framework/Versions/A/SharedFileList
0x00000001c0598000 	/usr/lib/libapple_nghttp2.dylib
0x00000001b9567000 	/usr/lib/libnetwork.dylib
0x00000001bad82000 	/usr/lib/libsqlite3.dylib
0x00000001bb183000 	/System/Library/Frameworks/Network.framework/Versions/A/Network
0x000000023beed000 	/usr/lib/libCoreEntitlements.dylib
0x0000000228dfa000 	/System/Library/PrivateFrameworks/MessageSecurity.framework/Versions/A/MessageSecurity
0x00000001bad68000 	/System/Library/PrivateFrameworks/ProtocolBuffer.framework/Versions/A/ProtocolBuffer
0x00000001bffb5000 	/System/Library/PrivateFrameworks/AppleFSCompression.framework/Versions/A/AppleFSCompression
0x00000001bf9b1000 	/usr/lib/libcoretls.dylib
0x00000001c0be0000 	/usr/lib/libcoretls_cfhelpers.dylib
0x00000001c05c5000 	/usr/lib/libpam.2.dylib
0x00000001c0c46000 	/usr/lib/libxar.1.dylib
0x00000001c1011000 	/usr/lib/libheimdal-asn1.dylib
0x00000001c0338000 	/usr/lib/libpcap.A.dylib
0x00000001bb170000 	/usr/lib/libdns_services.dylib
0x00000001beed4000 	/System/Library/PrivateFrameworks/AppleSystemInfo.framework/Versions/A/AppleSystemInfo
0x00000001bf6a6000 	/System/Library/PrivateFrameworks/IOMobileFramebuffer.framework/Versions/A/IOMobileFramebuffer
0x00000001bffc6000 	/usr/lib/libbz2.1.0.dylib
0x00000001bf9a1000 	/usr/lib/libCheckFix.dylib
0x00000001b99c3000 	/System/Library/PrivateFrameworks/TCC.framework/Versions/A/TCC
0x00000001beeda000 	/System/Library/PrivateFrameworks/CoreNLP.framework/Versions/A/CoreNLP
0x00000001bbf8d000 	/System/Library/PrivateFrameworks/MetadataUtilities.framework/Versions/A/MetadataUtilities
0x00000001bf9da000 	/usr/lib/libmecab.dylib
0x00000001b59f3000 	/usr/lib/libCRFSuite.dylib
0x00000001bfa37000 	/usr/lib/libgermantok.dylib
0x00000001c0571000 	/usr/lib/libThaiTokenizer.dylib
0x00000001bc070000 	/System/Library/Frameworks/Accelerate.framework/Versions/A/Frameworks/vImage.framework/Versions/A/vImage
0x00000001c69b3000 	/System/Library/Frameworks/Accelerate.framework/Versions/A/Frameworks/vecLib.framework/Versions/A/vecLib
0x00000001c0c8c000 	/System/Library/Frameworks/Accelerate.framework/Versions/A/Frameworks/vecLib.framework/Versions/A/libvMisc.dylib
0x00000001bf5a6000 	/System/Library/Frameworks/Accelerate.framework/Versions/A/Frameworks/vecLib.framework/Versions/A/libvDSP.dylib
0x00000001b55ff000 	/System/Library/Frameworks/Accelerate.framework/Versions/A/Frameworks/vecLib.framework/Versions/A/libBLAS.dylib
0x00000001c069c000 	/System/Library/Frameworks/Accelerate.framework/Versions/A/Frameworks/vecLib.framework/Versions/A/libLAPACK.dylib
0x00000001bfa3a000 	/System/Library/Frameworks/Accelerate.framework/Versions/A/Frameworks/vecLib.framework/Versions/A/libLinearAlgebra.dylib
0x00000001c05b0000 	/System/Library/Frameworks/Accelerate.framework/Versions/A/Frameworks/vecLib.framework/Versions/A/libSparseBLAS.dylib
0x00000001c0697000 	/System/Library/Frameworks/Accelerate.framework/Versions/A/Frameworks/vecLib.framework/Versions/A/libQuadrature.dylib
0x00000001befd3000 	/System/Library/Frameworks/Accelerate.framework/Versions/A/Frameworks/vecLib.framework/Versions/A/libBNNS.dylib
0x00000001b5902000 	/System/Library/Frameworks/Accelerate.framework/Versions/A/Frameworks/vecLib.framework/Versions/A/libSparse.dylib
0x0000000228166000 	/System/Library/PrivateFrameworks/MIL.framework/Versions/A/MIL
0x00000001c036d000 	/usr/lib/libiconv.2.dylib
0x00000001c02c1000 	/usr/lib/libcharset.1.dylib
0x00000001bca55000 	/System/Library/Frameworks/OpenDirectory.framework/Versions/A/Frameworks/CFOpenDirectory.framework/Versions/A/CFOpenDirectory
0x00000001bca45000 	/System/Library/Frameworks/OpenDirectory.framework/Versions/A/OpenDirectory
0x00000001c0be2000 	/System/Library/PrivateFrameworks/APFS.framework/Versions/A/APFS
0x00000001bf8dc000 	/System/Library/Frameworks/SecurityFoundation.framework/Versions/A/SecurityFoundation
0x00000001c0c55000 	/usr/lib/libutil.dylib
0x000000022725e000 	/System/Library/PrivateFrameworks/InstalledContentLibrary.framework/Versions/A/InstalledContentLibrary
0x00000001b7e99000 	/System/Library/PrivateFrameworks/CoreServicesStore.framework/Versions/A/CoreServicesStore
0x000000021e332000 	/System/Library/PrivateFrameworks/AppleMobileFileIntegrity.framework/Versions/A/AppleMobileFileIntegrity
0x00000001d61bd000 	/usr/lib/libmis.dylib
0x00000001e3fc0000 	/System/Library/PrivateFrameworks/MobileSystemServices.framework/Versions/A/MobileSystemServices
0x00000001fe39d000 	/System/Library/PrivateFrameworks/ConfigProfileHelper.framework/Versions/A/ConfigProfileHelper
0x00000001c0573000 	/System/Library/PrivateFrameworks/AppleSauce.framework/Versions/A/AppleSauce
0x00000001b66d8000 	/System/Library/PrivateFrameworks/LanguageModeling.framework/Versions/A/LanguageModeling
0x00000001c0c59000 	/usr/lib/libxslt.1.dylib
0x00000001c0460000 	/usr/lib/libcmph.dylib
0x00000001bf693000 	/System/Library/PrivateFrameworks/CoreEmoji.framework/Versions/A/CoreEmoji
0x00000001befcd000 	/System/Library/PrivateFrameworks/LinguisticData.framework/Versions/A/LinguisticData
0x00000001b58ba000 	/System/Library/PrivateFrameworks/Lexicon.framework/Versions/A/Lexicon
0x00000001bf96f000 	/System/Library/PrivateFrameworks/BackgroundTaskManagement.framework/Versions/A/BackgroundTaskManagement
0x000000023c08c000 	/usr/lib/libTLE.dylib
0x000000023ce04000 	/usr/lib/swift/libswift_RegexParser.dylib
0x00000001c18c0000 	/System/Library/PrivateFrameworks/AppleJPEG.framework/Versions/A/AppleJPEG
0x00000001c0ff6000 	/usr/lib/libexpat.1.dylib
0x00000001c1e81000 	/System/Library/Frameworks/ImageIO.framework/Versions/A/Resources/libPng.dylib
0x00000001c1eac000 	/System/Library/Frameworks/ImageIO.framework/Versions/A/Resources/libTIFF.dylib
0x00000001c1f95000 	/System/Library/Frameworks/ImageIO.framework/Versions/A/Resources/libGIF.dylib
0x00000001c1905000 	/System/Library/Frameworks/ImageIO.framework/Versions/A/Resources/libJP2.dylib
0x00000001c1f39000 	/System/Library/Frameworks/ImageIO.framework/Versions/A/Resources/libJPEG.dylib
0x00000001c1f30000 	/System/Library/Frameworks/ImageIO.framework/Versions/A/Resources/libRadiance.dylib
0x00000001be2be000 	/System/Library/PrivateFrameworks/FontServices.framework/libFontParser.dylib
0x00000001bb09f000 	/System/Library/PrivateFrameworks/RunningBoardServices.framework/Versions/A/RunningBoardServices
0x00000001cc821000 	/System/Library/PrivateFrameworks/IOSurfaceAccelerator.framework/Versions/A/IOSurfaceAccelerator
0x00000001c19f7000 	/System/Library/PrivateFrameworks/WatchdogClient.framework/Versions/A/WatchdogClient
0x00000001b6851000 	/System/Library/Frameworks/CoreDisplay.framework/Versions/A/CoreDisplay
0x00000001be199000 	/System/Library/Frameworks/CoreMedia.framework/Versions/A/CoreMedia
0x00000001bdf99000 	/System/Library/PrivateFrameworks/IOAccelerator.framework/Versions/A/IOAccelerator
0x00000001bcbe6000 	/System/Library/Frameworks/CoreVideo.framework/Versions/A/CoreVideo
0x00000001c05c3000 	/System/Library/Frameworks/MetalPerformanceShaders.framework/Versions/A/MetalPerformanceShaders
0x00000001c1a36000 	/System/Library/Frameworks/VideoToolbox.framework/Versions/A/VideoToolbox
0x00000001bafe3000 	/System/Library/PrivateFrameworks/BaseBoard.framework/Versions/A/BaseBoard
0x00000001c1f2b000 	/System/Library/PrivateFrameworks/GPUWrangler.framework/Versions/A/GPUWrangler
0x00000001c1f0b000 	/System/Library/PrivateFrameworks/IOPresentment.framework/Versions/A/IOPresentment
0x00000001c1f33000 	/System/Library/PrivateFrameworks/DSExternalDisplay.framework/Versions/A/DSExternalDisplay
0x0000000223ab8000 	/System/Library/PrivateFrameworks/GPUCompiler.framework/Versions/31001/Libraries/libllvm-flatbuffers.dylib
0x0000000203050000 	/System/Library/Frameworks/OpenGL.framework/Versions/A/Libraries/libCoreFSCache.dylib
0x0000000223ab4000 	/System/Library/PrivateFrameworks/GPUCompiler.framework/Versions/31001/Libraries/libGPUCompilerUtils.dylib
0x00000001c1f9b000 	/System/Library/PrivateFrameworks/CMCaptureCore.framework/Versions/A/CMCaptureCore
0x00000002185e5000 	/System/Library/Frameworks/ExtensionFoundation.framework/Versions/A/ExtensionFoundation
0x00000001c869d000 	/System/Library/PrivateFrameworks/CoreTime.framework/Versions/A/CoreTime
0x00000001c15b3000 	/System/Library/PrivateFrameworks/AppServerSupport.framework/Versions/A/AppServerSupport
0x00000001c3934000 	/System/Library/PrivateFrameworks/perfdata.framework/Versions/A/perfdata
0x00000001b6971000 	/System/Library/PrivateFrameworks/AudioToolboxCore.framework/Versions/A/AudioToolboxCore
0x00000001be16f000 	/System/Library/PrivateFrameworks/caulk.framework/Versions/A/caulk
0x00000001c31f1000 	/usr/lib/libAudioStatistics.dylib
0x00000001d55f9000 	/System/Library/PrivateFrameworks/SystemPolicy.framework/Versions/A/SystemPolicy
0x00000001c3493000 	/usr/lib/libSMC.dylib
0x00000001cbfcd000 	/System/Library/Frameworks/CoreMIDI.framework/Versions/A/CoreMIDI
0x00000001c1e4e000 	/usr/lib/libAudioToolboxUtility.dylib
0x00000001d13b1000 	/System/Library/PrivateFrameworks/OSAServicesClient.framework/Versions/A/OSAServicesClient
0x00000001c3941000 	/usr/lib/libperfcheck.dylib
0x00000001c0ee1000 	/System/Library/PrivateFrameworks/PlugInKit.framework/Versions/A/PlugInKit
0x00000001bf8ce000 	/System/Library/PrivateFrameworks/AssertionServices.framework/Versions/A/AssertionServices
0x00000002030b2000 	/System/Library/Frameworks/OpenGL.framework/Versions/A/Libraries/libGLU.dylib
0x0000000203071000 	/System/Library/Frameworks/OpenGL.framework/Versions/A/Libraries/libGFXShared.dylib
0x0000000203258000 	/System/Library/Frameworks/OpenGL.framework/Versions/A/Libraries/libGL.dylib
0x000000020307a000 	/System/Library/Frameworks/OpenGL.framework/Versions/A/Libraries/libGLImage.dylib
0x000000020306e000 	/System/Library/Frameworks/OpenGL.framework/Versions/A/Libraries/libCVMSPluginSupport.dylib
0x000000023c06b000 	/usr/lib/libRosetta.dylib
0x0000000203057000 	/System/Library/Frameworks/OpenGL.framework/Versions/A/Libraries/libCoreVMClient.dylib
0x00000001bee51000 	/System/Library/Frameworks/MetalPerformanceShaders.framework/Versions/A/Frameworks/MPSCore.framework/Versions/A/MPSCore
0x00000001bff2b000 	/System/Library/Frameworks/MetalPerformanceShaders.framework/Versions/A/Frameworks/MPSImage.framework/Versions/A/MPSImage
0x00000001bfa4f000 	/System/Library/Frameworks/MetalPerformanceShaders.framework/Versions/A/Frameworks/MPSNeuralNetwork.framework/Versions/A/MPSNeuralNetwork
0x00000001bfe3b000 	/System/Library/Frameworks/MetalPerformanceShaders.framework/Versions/A/Frameworks/MPSMatrix.framework/Versions/A/MPSMatrix
0x00000001bfc4d000 	/System/Library/Frameworks/MetalPerformanceShaders.framework/Versions/A/Frameworks/MPSRayIntersector.framework/Versions/A/MPSRayIntersector
0x00000001bfe69000 	/System/Library/Frameworks/MetalPerformanceShaders.framework/Versions/A/Frameworks/MPSNDArray.framework/Versions/A/MPSNDArray
0x000000021999e000 	/System/Library/Frameworks/MetalPerformanceShaders.framework/Versions/A/Frameworks/MPSFunctions.framework/Versions/A/MPSFunctions
0x00000001b54c5000 	/System/Library/PrivateFrameworks/MetalTools.framework/Versions/A/MetalTools
0x00000001beed2000 	/System/Library/PrivateFrameworks/AggregateDictionary.framework/Versions/A/AggregateDictionary
0x00000001c0d9a000 	/usr/lib/libIOReport.dylib
0x00000001cb1c3000 	/System/Library/PrivateFrameworks/ASEProcessing.framework/Versions/A/ASEProcessing
0x00000001c1151000 	/System/Library/PrivateFrameworks/GraphVisualizer.framework/Versions/A/GraphVisualizer
0x00000002239c5000 	/System/Library/PrivateFrameworks/FontServices.framework/Versions/A/FontServices
0x00000001c1571000 	/System/Library/PrivateFrameworks/OTSVG.framework/Versions/A/OTSVG
0x00000001bc799000 	/System/Library/Frameworks/ApplicationServices.framework/Versions/A/Frameworks/ATS.framework/Versions/A/Resources/libFontRegistry.dylib
0x00000001c15bd000 	/System/Library/PrivateFrameworks/FontServices.framework/libhvf.dylib
0x00000002239c6000 	/System/Library/PrivateFrameworks/FontServices.framework/libXTFontStaticRegistryData.dylib
0x00000002353ea000 	/System/Library/PrivateFrameworks/VideoToolboxParavirtualizationSupport.framework/Versions/A/VideoToolboxParavirtualizationSupport
0x00000001c0faa000 	/System/Library/PrivateFrameworks/AppleVA.framework/Versions/A/AppleVA
0x00000001c3231000 	/System/Library/Frameworks/ApplicationServices.framework/Versions/A/Frameworks/ATS.framework/Versions/A/ATS
0x00000001ba535000 	/System/Library/Frameworks/ApplicationServices.framework/Versions/A/Frameworks/HIServices.framework/Versions/A/HIServices
0x00000001c1fa7000 	/System/Library/Frameworks/ApplicationServices.framework/Versions/A/Frameworks/PrintCore.framework/Versions/A/PrintCore
0x00000001c35ec000 	/System/Library/Frameworks/ApplicationServices.framework/Versions/A/Frameworks/QD.framework/Versions/A/QD
0x00000001c35e0000 	/System/Library/Frameworks/ApplicationServices.framework/Versions/A/Frameworks/ColorSyncLegacy.framework/Versions/A/ColorSyncLegacy
0x00000001c3205000 	/System/Library/Frameworks/ApplicationServices.framework/Versions/A/Frameworks/SpeechSynthesis.framework/Versions/A/SpeechSynthesis
0x00000001c1f65000 	/System/Library/Frameworks/ApplicationServices.framework/Versions/A/Frameworks/ATSUI.framework/Versions/A/ATSUI
0x00000001c3573000 	/usr/lib/libcups.2.dylib
0x00000001c394f000 	/System/Library/Frameworks/Kerberos.framework/Versions/A/Kerberos
0x00000001c3960000 	/System/Library/Frameworks/GSS.framework/Versions/A/GSS
0x00000001c32a3000 	/usr/lib/libresolv.9.dylib
0x00000001c15cd000 	/System/Library/PrivateFrameworks/Heimdal.framework/Versions/A/Heimdal
0x00000001ca282000 	/System/Library/Frameworks/Kerberos.framework/Versions/A/Libraries/libHeimdalProxy.dylib
0x00000001c39b0000 	/System/Library/PrivateFrameworks/CommonAuth.framework/Versions/A/CommonAuth
0x00000002042b0000 	/System/Library/Frameworks/AVFAudio.framework/Versions/A/AVFAudio
0x00000001d1400000 	/System/Library/PrivateFrameworks/AXCoreUtilities.framework/Versions/A/AXCoreUtilities
0x00000001c317d000 	/System/Library/PrivateFrameworks/AudioSession.framework/Versions/A/AudioSession
0x00000001c46ff000 	/System/Library/Frameworks/IOBluetooth.framework/Versions/A/IOBluetooth
0x00000001c10ab000 	/System/Library/PrivateFrameworks/MediaExperience.framework/Versions/A/MediaExperience
0x00000001c3018000 	/System/Library/PrivateFrameworks/AudioSession.framework/libSessionUtility.dylib
0x00000001c35f8000 	/System/Library/PrivateFrameworks/AudioResourceArbitration.framework/Versions/A/AudioResourceArbitration
0x00000001c75d2000 	/System/Library/PrivateFrameworks/PowerLog.framework/Versions/A/PowerLog
0x00000001c7515000 	/System/Library/Frameworks/CoreBluetooth.framework/Versions/A/CoreBluetooth
0x00000001ca283000 	/System/Library/Frameworks/AudioUnit.framework/Versions/A/AudioUnit
0x00000001bf731000 	/System/Library/PrivateFrameworks/CoreUtils.framework/Versions/A/CoreUtils
0x00000002223fa000 	/System/Library/PrivateFrameworks/CoreUtilsExtras.framework/Versions/A/CoreUtilsExtras
0x00000002270fc000 	/System/Library/PrivateFrameworks/IO80211.framework/Versions/A/IO80211
0x00000001c101b000 	/System/Library/PrivateFrameworks/IconFoundation.framework/Versions/A/IconFoundation
0x00000001c65e5000 	/System/Library/PrivateFrameworks/SpeechRecognitionCore.framework/Versions/A/SpeechRecognitionCore
0x00000001053fc000 	/Users/sergiopele/Library/Java/JavaVirtualMachines/azul-16.0.2/Contents/Home/lib/server/libjvm.dylib
0x0000000104468000 	/Users/sergiopele/Library/Java/JavaVirtualMachines/azul-16.0.2/Contents/Home/lib/libjimage.dylib
0x0000000104544000 	/Users/sergiopele/Library/Java/JavaVirtualMachines/azul-16.0.2/Contents/Home/lib/libjdwp.dylib
0x000000010458c000 	/Users/sergiopele/Library/Java/JavaVirtualMachines/azul-16.0.2/Contents/Home/lib/libjava.dylib
0x00000001053bc000 	/Users/sergiopele/Library/Java/JavaVirtualMachines/azul-16.0.2/Contents/Home/lib/libdt_socket.dylib


VM Arguments:
jvm_args: -agentlib:jdwp=transport=dt_socket,address=127.0.0.1:50874,suspend=y,server=n -Dfile.encoding=UTF-8 
java_command: universalMethodLambda.myLambda
java_class_path (initial): /Users/sergiopele/IdeaProjects/untitled2/out/production/ArmstrongNumber:/Applications/IntelliJ IDEA CE.app/Contents/lib/idea_rt.jar
Launcher Type: SUN_STANDARD

[Global flags]
     intx CICompilerCount                          = 4                                         {product} {ergonomic}
     uint ConcGCThreads                            = 2                                         {product} {ergonomic}
     uint G1ConcRefinementThreads                  = 8                                         {product} {ergonomic}
   size_t G1HeapRegionSize                         = 1048576                                   {product} {ergonomic}
    uintx GCDrainStackTargetSize                   = 64                                        {product} {ergonomic}
   size_t InitialHeapSize                          = 134217728                                 {product} {ergonomic}
   size_t MarkStackSize                            = 4194304                                   {product} {ergonomic}
   size_t MaxHeapSize                              = 2147483648                                {product} {ergonomic}
   size_t MaxNewSize                               = 1287651328                                {product} {ergonomic}
   size_t MinHeapDeltaBytes                        = 1048576                                   {product} {ergonomic}
   size_t MinHeapSize                              = 8388608                                   {product} {ergonomic}
    uintx NonNMethodCodeHeapSize                   = 5839564                                {pd product} {ergonomic}
    uintx NonProfiledCodeHeapSize                  = 122909338                              {pd product} {ergonomic}
    uintx ProfiledCodeHeapSize                    